<?xml version="1.0" encoding="UTF-8"?>
<testsuite xmlns:xsi="http://www.w3.org/2001/XMLSchema-instance" xsi:noNamespaceSchemaLocation="https://maven.apache.org/surefire/maven-failsafe-plugin/xsd/failsafe-test-report-3.0.xsd" version="3.0" name="starter.CucumberTestSuite" time="27.894" tests="7" errors="0" skipped="0" failures="0">
  <properties>
[...]
</properties>
  <testcase name="GET HELLO  want to test hello index page" classname="As user I want to test index page hello" time="10.073">
    <system-out><![CDATA[09:50:54.286 [main] DEBUG net.thucydides.core.guice.Injectors -- Created injector for module net.thucydides.core.guice.ThucydidesModule
09:50:54.760 [main] DEBUG io.cucumber.core.plugin.SerenityReporter -- Running feature from file:///D:/Intelij/RESTfulAPI%20AltaShop%20Elisa/src/test/resources/features/Hello.feature
09:50:55.070 [main] DEBUG net.thucydides.core.guice.Injectors -- Created injector for module net.thucydides.core.guice.webdriver.WebDriverModule
09:50:55.095 [main] INFO  -- 

-------------------------------------------------------------------------------------
     _______. _______ .______       _______ .__   __.  __  .___________.____    ____ 
    /       ||   ____||   _  \     |   ____||  \ |  | |  | |           |\   \  /   / 
   |   (----`|  |__   |  |_)  |    |  |__   |   \|  | |  | `---|  |----` \   \/   /  
    \   \    |   __|  |      /     |   __|  |  . `  | |  |     |  |       \_    _/   
.----)   |   |  |____ |  |\  \----.|  |____ |  |\   | |  |     |  |         |  |     
|_______/    |_______|| _| `._____||_______||__| \__| |__|     |__|         |__|    
                                                                                     
 News and tutorials at http://www.serenity-bdd.info                                  
 Documentation at https://wakaleo.gitbooks.io/the-serenity-book/content/             
 Join the Serenity Community on Gitter: https://gitter.im/serenity-bdd/serenity-core 
 Serenity BDD Support and Training at http://serenity-bdd.info/#/trainingandsupport  
-------------------------------------------------------------------------------------

09:50:55.099 [main] DEBUG net.thucydides.core.steps.StepEventBus -- Test suite started for story net.thucydides.core.model.Story@2f14db90
09:50:55.101 [main] INFO  -- Test Suite Started: As user I want to test index page hello
09:50:55.141 [main] DEBUG io.cucumber.core.plugin.SerenityReporter -- Running feature from file:///D:/Intelij/RESTfulAPI%20AltaShop%20Elisa/src/test/resources/features/Orders.feature
09:50:55.148 [main] DEBUG net.thucydides.core.steps.StepEventBus -- Test suite started for story net.thucydides.core.model.Story@da1b7be6
09:50:55.149 [main] INFO  -- Test Suite Started: As user i want to test order on website
09:50:55.149 [main] DEBUG io.cucumber.core.plugin.SerenityReporter -- Running feature from file:///D:/Intelij/RESTfulAPI%20AltaShop%20Elisa/src/test/resources/features/Product.feature
09:50:55.160 [main] DEBUG net.thucydides.core.steps.StepEventBus -- Test suite started for story net.thucydides.core.model.Story@35ffe80f
09:50:55.161 [main] INFO  -- Test Suite Started: Product Data
09:50:55.163 [main] DEBUG io.cucumber.core.plugin.SerenityReporter -- Running feature from file:///D:/Intelij/RESTfulAPI%20AltaShop%20Elisa/src/test/resources/features/Hello.feature
09:50:55.172 [main] DEBUG net.thucydides.core.steps.StepEventBus -- Test suite started for story net.thucydides.core.model.Story@2f14db90
09:50:55.173 [main] INFO  -- Test Suite Started: As user I want to test index page hello

Scenario: GET HELLO  want to test hello index page &amp#27;[90m# src/test/resources/features/Hello.feature:3&amp#27;[0m
09:50:55.345 [main] DEBUG io.cucumber.core.plugin.SerenityReporter -- Running feature from file:///D:/Intelij/RESTfulAPI%20AltaShop%20Elisa/src/test/resources/features/Hello.feature
09:50:55.625 [main] INFO  -- 
  _____   ___   ___   _____     ___   _____     _     ___   _____   ___   ___  
 |_   _| | __| / __| |_   _|   / __| |_   _|   /_\   | _ \ |_   _| | __| |   \ 
   | |   | _|  \__ \   | |     \__ \   | |    / _ \  |   /   | |   | _|  | |) |
   |_|   |___| |___/   |_|     |___/   |_|   /_/ \_\ |_|_\   |_|   |___| |___/ 

GET HELLO  want to test hello index page(as-user-i-want-to-test-index-page-hello;get-hello--want-to-test-hello-index-page)
--------------------------------------------------------------------------------
09:50:55.737 [main] DEBUG net.thucydides.core.requirements.model.cucumber.CucumberParser -- Loading feature D:\Intelij\RESTfulAPI AltaShop Elisa\src\test\resources\features\Authentucation.feature
09:50:55.749 [main] DEBUG net.thucydides.core.requirements.model.cucumber.CucumberParser -- Loading feature D:\Intelij\RESTfulAPI AltaShop Elisa\src\test\resources\features\Hello.feature
09:50:55.778 [main] DEBUG net.thucydides.core.requirements.model.cucumber.CucumberParser -- Loading feature D:\Intelij\RESTfulAPI AltaShop Elisa\src\test\resources\features\Orders.feature
09:50:55.794 [main] DEBUG net.thucydides.core.requirements.model.cucumber.CucumberParser -- Loading feature D:\Intelij\RESTfulAPI AltaShop Elisa\src\test\resources\features\Product.feature
09:50:55.815 [main] DEBUG net.thucydides.core.requirements.model.cucumber.CucumberParser -- Loading feature D:\Intelij\RESTfulAPI AltaShop Elisa\src\test\resources\features\ProductCate.feature
09:50:56.688 [main] DEBUG net.thucydides.core.steps.StepInterceptor -- STARTING STEP: UserSteps.userSetEndpointForHello - endpointHello
09:50:56.692 [main] DEBUG net.thucydides.core.steps.StepInterceptor -- STEP DONE: endpointHello
  &amp#27;[32mGiven &amp#27;[0m&amp#27;[32mIam setting endpoint for hello&amp#27;[0m             &amp#27;[90m# starter.stepdefinitions.UserSteps.userSetEndpointForHello()&amp#27;[0m
09:50:56.711 [main] DEBUG net.thucydides.core.steps.StepInterceptor -- STARTING STEP: UserSteps.userSendRequestToEndpoint - requestEndHello
09:50:59.544 [main] DEBUG net.thucydides.core.steps.StepInterceptor -- STARTING STEP: Hello.requestEndHello - endpointHello
09:50:59.544 [main] DEBUG net.thucydides.core.steps.StepInterceptor -- STEP DONE: endpointHello
09:51:00.991 [main] DEBUG org.apache.http.impl.conn.BasicClientConnectionManager -- Get connection for route {s}->https://altashop-api.fly.dev:443
09:51:01.165 [main] DEBUG org.apache.http.impl.conn.DefaultClientConnectionOperator -- Connecting to altashop-api.fly.dev:443
09:51:01.818 [main] DEBUG org.apache.http.client.protocol.RequestAddCookies -- CookieSpec selected: ignoreCookies
09:51:01.820 [main] DEBUG org.apache.http.client.protocol.RequestAuthCache -- Auth cache not set in the context
09:51:01.820 [main] DEBUG org.apache.http.client.protocol.RequestTargetAuthentication -- Target auth state: UNCHALLENGED
09:51:01.820 [main] DEBUG org.apache.http.client.protocol.RequestProxyAuthentication -- Proxy auth state: UNCHALLENGED
09:51:01.821 [main] DEBUG org.apache.http.impl.client.DefaultHttpClient -- Attempt 1 to execute request
09:51:01.821 [main] DEBUG org.apache.http.impl.conn.DefaultClientConnection -- Sending request: GET /api/hello HTTP/1.1
09:51:01.821 [main] DEBUG org.apache.http.wire --  >> "GET /api/hello HTTP/1.1[\r][\n]"
09:51:01.823 [main] DEBUG org.apache.http.wire --  >> "Accept: */*[\r][\n]"
09:51:01.823 [main] DEBUG org.apache.http.wire --  >> "Host: altashop-api.fly.dev[\r][\n]"
09:51:01.823 [main] DEBUG org.apache.http.wire --  >> "Connection: Keep-Alive[\r][\n]"
09:51:01.823 [main] DEBUG org.apache.http.wire --  >> "User-Agent: Apache-HttpClient/4.5.13 (Java/20)[\r][\n]"
09:51:01.824 [main] DEBUG org.apache.http.wire --  >> "Accept-Encoding: gzip,deflate[\r][\n]"
09:51:01.824 [main] DEBUG org.apache.http.wire --  >> "[\r][\n]"
09:51:01.824 [main] DEBUG org.apache.http.headers -- >> GET /api/hello HTTP/1.1
09:51:01.824 [main] DEBUG org.apache.http.headers -- >> Accept: */*
09:51:01.824 [main] DEBUG org.apache.http.headers -- >> Host: altashop-api.fly.dev
09:51:01.824 [main] DEBUG org.apache.http.headers -- >> Connection: Keep-Alive
09:51:01.824 [main] DEBUG org.apache.http.headers -- >> User-Agent: Apache-HttpClient/4.5.13 (Java/20)
09:51:01.824 [main] DEBUG org.apache.http.headers -- >> Accept-Encoding: gzip,deflate
09:51:01.899 [main] DEBUG org.apache.http.wire --  << "HTTP/1.1 200 OK[\r][\n]"
09:51:01.901 [main] DEBUG org.apache.http.wire --  << "content-type: application/json[\r][\n]"
09:51:01.901 [main] DEBUG org.apache.http.wire --  << "date: Mon, 08 May 2023 02:51:01 GMT[\r][\n]"
09:51:01.902 [main] DEBUG org.apache.http.wire --  << "content-encoding: gzip[\r][\n]"
09:51:01.902 [main] DEBUG org.apache.http.wire --  << "transfer-encoding: chunked[\r][\n]"
09:51:01.902 [main] DEBUG org.apache.http.wire --  << "server: Fly/3f2597ca (2023-05-03)[\r][\n]"
09:51:01.902 [main] DEBUG org.apache.http.wire --  << "via: 1.1 fly.io[\r][\n]"
09:51:01.902 [main] DEBUG org.apache.http.wire --  << "fly-request-id: 01GZWMA065TJHM2MC59RS9C7HG-sin[\r][\n]"
09:51:01.902 [main] DEBUG org.apache.http.wire --  << "[\r][\n]"
09:51:01.903 [main] DEBUG org.apache.http.impl.conn.DefaultClientConnection -- Receiving response: HTTP/1.1 200 OK
09:51:01.903 [main] DEBUG org.apache.http.headers -- << HTTP/1.1 200 OK
09:51:01.903 [main] DEBUG org.apache.http.headers -- << content-type: application/json
09:51:01.903 [main] DEBUG org.apache.http.headers -- << date: Mon, 08 May 2023 02:51:01 GMT
09:51:01.904 [main] DEBUG org.apache.http.headers -- << content-encoding: gzip
09:51:01.904 [main] DEBUG org.apache.http.headers -- << transfer-encoding: chunked
09:51:01.904 [main] DEBUG org.apache.http.headers -- << server: Fly/3f2597ca (2023-05-03)
09:51:01.904 [main] DEBUG org.apache.http.headers -- << via: 1.1 fly.io
09:51:01.904 [main] DEBUG org.apache.http.headers -- << fly-request-id: 01GZWMA065TJHM2MC59RS9C7HG-sin
09:51:01.916 [main] DEBUG org.apache.http.impl.client.DefaultHttpClient -- Connection can be kept alive indefinitely
09:51:01.926 [main] DEBUG io.restassured.internal.RestAssuredHttpBuilder -- Parsing response as: application/json
09:51:01.927 [main] DEBUG org.apache.http.wire --  << "25[\r][\n]"
09:51:01.927 [main] DEBUG org.apache.http.wire --  << "[0x1f][0x8b][0x8][0x0][0x0][0x0][0x0][0x0][0x4][0xff][0xab]VJI,IT[0xb2]R[0xca]H[0xcd][0xc9][0xc9]W[0xaa][0xe5][0x2][0x0][0xfd][0x95][0xfe]N[0x11][0x0][0x0][0x0]"
09:51:01.964 [main] DEBUG org.apache.http.wire --  << "[\r][\n]"
09:51:01.964 [main] DEBUG org.apache.http.wire --  << "0[\r][\n]"
09:51:01.964 [main] DEBUG org.apache.http.wire --  << "[\r][\n]"
09:51:01.965 [main] DEBUG io.restassured.internal.RestAssuredHttpBuilder -- Parsed data to instance of: class org.apache.http.conn.EofSensorInputStream
09:51:02.058 [main] DEBUG org.apache.http.impl.conn.BasicClientConnectionManager -- Releasing connection org.apache.http.impl.conn.ManagedClientConnectionImpl@9f48198
09:51:02.059 [main] DEBUG org.apache.http.impl.conn.BasicClientConnectionManager -- Connection can be kept alive indefinitely
09:51:02.122 [main] DEBUG net.thucydides.core.steps.StepInterceptor -- STEP DONE: requestEndHello
  &amp#27;[32mWhen &amp#27;[0m&amp#27;[32mIam send request endpoint&amp#27;[0m                   &amp#27;[90m# starter.stepdefinitions.UserSteps.userSendRequestToEndpoint()&amp#27;[0m
09:51:02.136 [main] DEBUG net.thucydides.core.steps.StepInterceptor -- STARTING STEP: UserSteps.statusCodeHello200 - statusCodeRequestHello
09:51:02.217 [main] DEBUG net.thucydides.core.steps.StepInterceptor -- STEP DONE: statusCodeRequestHello
  &amp#27;[32mAnd &amp#27;[0m&amp#27;[32mI could see status code 200&amp#27;[0m                  &amp#27;[90m# starter.stepdefinitions.UserSteps.statusCodeHello200()&amp#27;[0m
09:51:02.228 [main] DEBUG net.thucydides.core.steps.StepInterceptor -- STARTING STEP: UserSteps.userShowHelloMessage - showHelloMessage
09:51:05.237 [main] DEBUG net.thucydides.core.steps.StepInterceptor -- STEP DONE: showHelloMessage
  &amp#27;[32mThen &amp#27;[0m&amp#27;[32mI saw show hello message&amp#27;[0m                    &amp#27;[90m# starter.stepdefinitions.UserSteps.userShowHelloMessage()&amp#27;[0m
09:51:05.247 [main] INFO  -- 
  _____   ___   ___   _____     ___     _     ___   ___   ___   ___  
 |_   _| | __| / __| |_   _|   | _ \   /_\   / __| / __| | __| |   \ 
   | |   | _|  \__ \   | |     |  _/  / _ \  \__ \ \__ \ | _|  | |) |
   |_|   |___| |___/   |_|     |_|   /_/ \_\ |___/ |___/ |___| |___/ 

GET HELLO  want to test hello index page
----------------------------------------------------------------------
]]></system-out>
  </testcase>
  <testcase name="POST ORDER I want to make a new order" classname="As user i want to test order on website" time="1.871">
    <system-out><![CDATA[09:51:05.258 [main] DEBUG io.cucumber.core.plugin.SerenityReporter -- Running feature from file:///D:/Intelij/RESTfulAPI%20AltaShop%20Elisa/src/test/resources/features/Orders.feature
09:51:05.264 [main] DEBUG net.thucydides.core.steps.StepEventBus -- Test suite started for story net.thucydides.core.model.Story@da1b7be6
09:51:05.264 [main] INFO  -- Test Suite Started: As user i want to test order on website

Scenario: POST ORDER I want to make a new order        &amp#27;[90m# src/test/resources/features/Orders.feature:3&amp#27;[0m
09:51:05.288 [main] DEBUG io.cucumber.core.plugin.SerenityReporter -- Running feature from file:///D:/Intelij/RESTfulAPI%20AltaShop%20Elisa/src/test/resources/features/Orders.feature
09:51:05.292 [main] INFO  -- 
  _____   ___   ___   _____     ___   _____     _     ___   _____   ___   ___  
 |_   _| | __| / __| |_   _|   / __| |_   _|   /_\   | _ \ |_   _| | __| |   \ 
   | |   | _|  \__ \   | |     \__ \   | |    / _ \  |   /   | |   | _|  | |) |
   |_|   |___| |___/   |_|     |___/   |_|   /_/ \_\ |_|_\   |_|   |___| |___/ 

POST ORDER I want to make a new order(as-user-i-want-to-test-order-on-website;post-order-i-want-to-make-a-new-order)
--------------------------------------------------------------------------------
09:51:05.350 [main] DEBUG net.thucydides.core.steps.StepInterceptor -- STARTING STEP: UserSteps.userSetEndpointForOrder - endpointOrder
09:51:05.351 [main] DEBUG net.thucydides.core.steps.StepInterceptor -- STEP DONE: endpointOrder
  &amp#27;[32mGiven &amp#27;[0m&amp#27;[32mI set endpoint to order&amp#27;[0m                        &amp#27;[90m# starter.stepdefinitions.UserSteps.userSetEndpointForOrder()&amp#27;[0m
09:51:05.362 [main] DEBUG net.thucydides.core.steps.StepInterceptor -- STARTING STEP: UserSteps.userSuccessLoginWithValidAccount - loginValidAcc
09:51:05.483 [main] DEBUG org.apache.http.impl.conn.BasicClientConnectionManager -- Get connection for route {s}->https://altashop-api.fly.dev:443
09:51:05.484 [main] DEBUG org.apache.http.impl.conn.DefaultClientConnectionOperator -- Connecting to altashop-api.fly.dev:443
09:51:05.617 [main] DEBUG org.apache.http.client.protocol.RequestAddCookies -- CookieSpec selected: ignoreCookies
09:51:05.617 [main] DEBUG org.apache.http.client.protocol.RequestAuthCache -- Auth cache not set in the context
09:51:05.617 [main] DEBUG org.apache.http.client.protocol.RequestTargetAuthentication -- Target auth state: UNCHALLENGED
09:51:05.618 [main] DEBUG org.apache.http.client.protocol.RequestProxyAuthentication -- Proxy auth state: UNCHALLENGED
09:51:05.618 [main] DEBUG org.apache.http.impl.client.DefaultHttpClient -- Attempt 1 to execute request
09:51:05.618 [main] DEBUG org.apache.http.impl.conn.DefaultClientConnection -- Sending request: POST /api/auth/login HTTP/1.1
09:51:05.618 [main] DEBUG org.apache.http.wire --  >> "POST /api/auth/login HTTP/1.1[\r][\n]"
09:51:05.618 [main] DEBUG org.apache.http.wire --  >> "Accept: */*[\r][\n]"
09:51:05.618 [main] DEBUG org.apache.http.wire --  >> "Content-Type: application/json[\r][\n]"
09:51:05.618 [main] DEBUG org.apache.http.wire --  >> "Content-Length: 48[\r][\n]"
09:51:05.619 [main] DEBUG org.apache.http.wire --  >> "Host: altashop-api.fly.dev[\r][\n]"
09:51:05.619 [main] DEBUG org.apache.http.wire --  >> "Connection: Keep-Alive[\r][\n]"
09:51:05.619 [main] DEBUG org.apache.http.wire --  >> "User-Agent: Apache-HttpClient/4.5.13 (Java/20)[\r][\n]"
09:51:05.619 [main] DEBUG org.apache.http.wire --  >> "Accept-Encoding: gzip,deflate[\r][\n]"
09:51:05.619 [main] DEBUG org.apache.http.wire --  >> "[\r][\n]"
09:51:05.619 [main] DEBUG org.apache.http.headers -- >> POST /api/auth/login HTTP/1.1
09:51:05.619 [main] DEBUG org.apache.http.headers -- >> Accept: */*
09:51:05.620 [main] DEBUG org.apache.http.headers -- >> Content-Type: application/json
09:51:05.620 [main] DEBUG org.apache.http.headers -- >> Content-Length: 48
09:51:05.620 [main] DEBUG org.apache.http.headers -- >> Host: altashop-api.fly.dev
09:51:05.620 [main] DEBUG org.apache.http.headers -- >> Connection: Keep-Alive
09:51:05.620 [main] DEBUG org.apache.http.headers -- >> User-Agent: Apache-HttpClient/4.5.13 (Java/20)
09:51:05.620 [main] DEBUG org.apache.http.headers -- >> Accept-Encoding: gzip,deflate
09:51:05.622 [main] DEBUG org.apache.http.wire --  >> "{"password":"123123","email":"someone@mail.com"}"
09:51:05.656 [main] DEBUG org.apache.http.wire --  << "HTTP/1.1 200 OK[\r][\n]"
09:51:05.656 [main] DEBUG org.apache.http.wire --  << "content-type: application/json[\r][\n]"
09:51:05.656 [main] DEBUG org.apache.http.wire --  << "date: Mon, 08 May 2023 02:51:05 GMT[\r][\n]"
09:51:05.656 [main] DEBUG org.apache.http.wire --  << "content-encoding: gzip[\r][\n]"
09:51:05.656 [main] DEBUG org.apache.http.wire --  << "transfer-encoding: chunked[\r][\n]"
09:51:05.656 [main] DEBUG org.apache.http.wire --  << "server: Fly/3f2597ca (2023-05-03)[\r][\n]"
09:51:05.656 [main] DEBUG org.apache.http.wire --  << "via: 1.1 fly.io[\r][\n]"
09:51:05.656 [main] DEBUG org.apache.http.wire --  << "fly-request-id: 01GZWMA3WHEJBMQKWRJY31PNVT-sin[\r][\n]"
09:51:05.656 [main] DEBUG org.apache.http.wire --  << "[\r][\n]"
09:51:05.656 [main] DEBUG org.apache.http.impl.conn.DefaultClientConnection -- Receiving response: HTTP/1.1 200 OK
09:51:05.656 [main] DEBUG org.apache.http.headers -- << HTTP/1.1 200 OK
09:51:05.656 [main] DEBUG org.apache.http.headers -- << content-type: application/json
09:51:05.656 [main] DEBUG org.apache.http.headers -- << date: Mon, 08 May 2023 02:51:05 GMT
09:51:05.657 [main] DEBUG org.apache.http.headers -- << content-encoding: gzip
09:51:05.657 [main] DEBUG org.apache.http.headers -- << transfer-encoding: chunked
09:51:05.657 [main] DEBUG org.apache.http.headers -- << server: Fly/3f2597ca (2023-05-03)
09:51:05.657 [main] DEBUG org.apache.http.headers -- << via: 1.1 fly.io
09:51:05.657 [main] DEBUG org.apache.http.headers -- << fly-request-id: 01GZWMA3WHEJBMQKWRJY31PNVT-sin
09:51:05.657 [main] DEBUG org.apache.http.impl.client.DefaultHttpClient -- Connection can be kept alive indefinitely
09:51:05.657 [main] DEBUG io.restassured.internal.RestAssuredHttpBuilder -- Parsing response as: application/json
09:51:05.657 [main] DEBUG org.apache.http.wire --  << "AC[\r][\n]"
09:51:05.657 [main] DEBUG org.apache.http.wire --  << "[0x1f][0x8b][0x8][0x0][0x0][0x0][0x0][0x0][0x4][0xff][0xab]VJI,IT[0xb2]RJ[0xad][0xf4][0xca]HrO[0xce][0xf4][0xcf][0xf4][0xf2][0xc][0xad][0xf2]4[0xf4][0xcb][0xf4],[0xf6][0xcc][0xb]2Mv[0xf6]4[0xf3][0xcc].[0x88][0x8]s[0xf6][0xb2][0xd4]K[0xad][0xf4]rO[0x9][0xaf](N[0xca]u+[0x89][\n]"
09:51:05.658 [main] DEBUG org.apache.http.wire --  << "[0x6]K[0x94]%[0xba][0x9b][0xa4][0x7][0xb9][[0xe6]xf[0x96]g[0x6][0x85][0x1b]f$[0x86][0x97][0x83][0xc][0xa9]J22[0xcc]I22[0xcd][0x9]t[0x7][0x8b][0x95]F[0x1a]Y[0x96]x[0xe6][0x19][0xe8][0x85][0x97]9[0x5]W$[0x7][0xba][0x16][0x16][0xe6]e:[0x1b][0x96][0x19]X[0xf8]Te[0x17]y$[0xbb][0xfa][0xa4][0xa6][0x17][0x1b]$[0x99][0x97][0x95]d[0xb9][0x7][0x84]g&[0xba][0x86]'{*[0xd5]r[0x1][0x0]?[0x99][0xcf]j[0xa0][0x0][0x0][0x0]"
09:51:05.658 [main] DEBUG org.apache.http.wire --  << "[\r][\n]"
09:51:05.658 [main] DEBUG org.apache.http.wire --  << "0[\r][\n]"
09:51:05.658 [main] DEBUG org.apache.http.wire --  << "[\r][\n]"
09:51:05.658 [main] DEBUG io.restassured.internal.RestAssuredHttpBuilder -- Parsed data to instance of: class org.apache.http.conn.EofSensorInputStream
09:51:05.664 [main] DEBUG org.apache.http.impl.conn.BasicClientConnectionManager -- Releasing connection org.apache.http.impl.conn.ManagedClientConnectionImpl@10dbf660
09:51:05.664 [main] DEBUG org.apache.http.impl.conn.BasicClientConnectionManager -- Connection can be kept alive indefinitely
09:51:06.870 [main] DEBUG net.thucydides.core.steps.StepInterceptor -- STEP DONE: loginValidAcc
  &amp#27;[32mAnd &amp#27;[0m&amp#27;[32mI success login and going to order&amp#27;[0m               &amp#27;[90m# starter.stepdefinitions.UserSteps.userSuccessLoginWithValidAccount()&amp#27;[0m
09:51:06.883 [main] DEBUG net.thucydides.core.steps.StepInterceptor -- STARTING STEP: UserSteps.userInputTokenInAuthorization - inputTokenOrder
09:51:06.893 [main] DEBUG net.thucydides.core.steps.StepInterceptor -- STARTING STEP: Order.inputTokenOrder - endpointOrder
09:51:06.893 [main] DEBUG net.thucydides.core.steps.StepInterceptor -- STEP DONE: endpointOrder
09:51:06.953 [main] DEBUG org.apache.http.impl.conn.BasicClientConnectionManager -- Get connection for route {s}->https://altashop-api.fly.dev:443
09:51:06.953 [main] DEBUG org.apache.http.impl.conn.DefaultClientConnectionOperator -- Connecting to altashop-api.fly.dev:443
09:51:07.026 [main] DEBUG org.apache.http.client.protocol.RequestAddCookies -- CookieSpec selected: ignoreCookies
09:51:07.026 [main] DEBUG org.apache.http.client.protocol.RequestAuthCache -- Auth cache not set in the context
09:51:07.026 [main] DEBUG org.apache.http.client.protocol.RequestProxyAuthentication -- Proxy auth state: UNCHALLENGED
09:51:07.027 [main] DEBUG org.apache.http.impl.client.DefaultHttpClient -- Attempt 1 to execute request
09:51:07.027 [main] DEBUG org.apache.http.impl.conn.DefaultClientConnection -- Sending request: POST /api/orders HTTP/1.1
09:51:07.027 [main] DEBUG org.apache.http.wire --  >> "POST /api/orders HTTP/1.1[\r][\n]"
09:51:07.027 [main] DEBUG org.apache.http.wire --  >> "Authorization: Bearer eyJhbGciOiJIUzI1NiIsInR5cCI6IkpXVCJ9.eyJGdWxsbmFtZSI6IkpvaG4gRG9lIiwiRW1haWwiOiJzb21lb25lQG1haWwuY29tIn0.WvBSxcQEqqniC1v08LzkrHcELegs0b7vtjGPWiaEWcI[\r][\n]"
09:51:07.027 [main] DEBUG org.apache.http.wire --  >> "Accept: */*[\r][\n]"
09:51:07.027 [main] DEBUG org.apache.http.wire --  >> "Content-Type: text/plain; charset=ISO-8859-1[\r][\n]"
09:51:07.027 [main] DEBUG org.apache.http.wire --  >> "Content-Length: 31[\r][\n]"
09:51:07.027 [main] DEBUG org.apache.http.wire --  >> "Host: altashop-api.fly.dev[\r][\n]"
09:51:07.027 [main] DEBUG org.apache.http.wire --  >> "Connection: Keep-Alive[\r][\n]"
09:51:07.027 [main] DEBUG org.apache.http.wire --  >> "User-Agent: Apache-HttpClient/4.5.13 (Java/20)[\r][\n]"
09:51:07.027 [main] DEBUG org.apache.http.wire --  >> "Accept-Encoding: gzip,deflate[\r][\n]"
09:51:07.027 [main] DEBUG org.apache.http.wire --  >> "[\r][\n]"
09:51:07.028 [main] DEBUG org.apache.http.headers -- >> POST /api/orders HTTP/1.1
09:51:07.028 [main] DEBUG org.apache.http.headers -- >> Authorization: Bearer eyJhbGciOiJIUzI1NiIsInR5cCI6IkpXVCJ9.eyJGdWxsbmFtZSI6IkpvaG4gRG9lIiwiRW1haWwiOiJzb21lb25lQG1haWwuY29tIn0.WvBSxcQEqqniC1v08LzkrHcELegs0b7vtjGPWiaEWcI
09:51:07.028 [main] DEBUG org.apache.http.headers -- >> Accept: */*
09:51:07.028 [main] DEBUG org.apache.http.headers -- >> Content-Type: text/plain; charset=ISO-8859-1
09:51:07.028 [main] DEBUG org.apache.http.headers -- >> Content-Length: 31
09:51:07.028 [main] DEBUG org.apache.http.headers -- >> Host: altashop-api.fly.dev
09:51:07.028 [main] DEBUG org.apache.http.headers -- >> Connection: Keep-Alive
09:51:07.028 [main] DEBUG org.apache.http.headers -- >> User-Agent: Apache-HttpClient/4.5.13 (Java/20)
09:51:07.028 [main] DEBUG org.apache.http.headers -- >> Accept-Encoding: gzip,deflate
09:51:07.028 [main] DEBUG org.apache.http.wire --  >> "[{"quantity":3,"product_id":1}]"
09:51:07.063 [main] DEBUG org.apache.http.wire --  << "HTTP/1.1 200 OK[\r][\n]"
09:51:07.063 [main] DEBUG org.apache.http.wire --  << "content-type: application/json[\r][\n]"
09:51:07.063 [main] DEBUG org.apache.http.wire --  << "date: Mon, 08 May 2023 02:51:06 GMT[\r][\n]"
09:51:07.063 [main] DEBUG org.apache.http.wire --  << "content-encoding: gzip[\r][\n]"
09:51:07.063 [main] DEBUG org.apache.http.wire --  << "transfer-encoding: chunked[\r][\n]"
09:51:07.063 [main] DEBUG org.apache.http.wire --  << "server: Fly/3f2597ca (2023-05-03)[\r][\n]"
09:51:07.064 [main] DEBUG org.apache.http.wire --  << "via: 1.1 fly.io[\r][\n]"
09:51:07.064 [main] DEBUG org.apache.http.wire --  << "fly-request-id: 01GZWMA58G410FDDGFJFZ6ZVGH-sin[\r][\n]"
09:51:07.064 [main] DEBUG org.apache.http.wire --  << "[\r][\n]"
09:51:07.064 [main] DEBUG org.apache.http.impl.conn.DefaultClientConnection -- Receiving response: HTTP/1.1 200 OK
09:51:07.064 [main] DEBUG org.apache.http.headers -- << HTTP/1.1 200 OK
09:51:07.064 [main] DEBUG org.apache.http.headers -- << content-type: application/json
09:51:07.064 [main] DEBUG org.apache.http.headers -- << date: Mon, 08 May 2023 02:51:06 GMT
09:51:07.064 [main] DEBUG org.apache.http.headers -- << content-encoding: gzip
09:51:07.064 [main] DEBUG org.apache.http.headers -- << transfer-encoding: chunked
09:51:07.064 [main] DEBUG org.apache.http.headers -- << server: Fly/3f2597ca (2023-05-03)
09:51:07.064 [main] DEBUG org.apache.http.headers -- << via: 1.1 fly.io
09:51:07.064 [main] DEBUG org.apache.http.headers -- << fly-request-id: 01GZWMA58G410FDDGFJFZ6ZVGH-sin
09:51:07.064 [main] DEBUG org.apache.http.impl.client.DefaultHttpClient -- Connection can be kept alive indefinitely
09:51:07.065 [main] DEBUG io.restassured.internal.RestAssuredHttpBuilder -- Parsing response as: application/json
09:51:07.065 [main] DEBUG org.apache.http.wire --  << "99[\r][\n]"
09:51:07.065 [main] DEBUG org.apache.http.wire --  << "[0x1f][0x8b][0x8][0x0][0x0][0x0][0x0][0x0][0x4][0xff][0xab]VJI,IT[0xb2][0x8a][0xae]V[0xf2]tQ[0xb2]24[0xb0]45[0xd7]Q[\n]"
09:51:07.065 [main] DEBUG org.apache.http.wire --  << "-N-R[0xb2][0x82][\n]"
09:51:07.065 [main] DEBUG org.apache.http.wire --  << "[0x99]Y[0x9a]X[0xe8]([0xb9][0x95][0xe6][0xe4][0xe4]%[0xe6][0xa6]*Y)y[0xe5]g[0xe4])[0xb8][0xe4][0xa7]*[0xe9]([0xb9][0xe6]&f[0xe6](Y)[0x15][0xe7][0xe7][0xa6][0xe6][0xe7][0xa5]:[0x80][0xb8]z[0xc9][0xf9][0xb9]J:J[0x1][0x89][0xc5][0xc5][0xe5][0xf9]E)JVJ[0x86]F[0xc6][0x86]F[0xc6]J[0xb5]:J[0x1]E[0xf9])[0xa5][0xc9]%JVy[0xa5]99:J[0x81][0xa5][0x89]y%[0x99]%[0x95]JV[0xc6][0xb5][0xb1][0xb5]\[0x0][0xab][0x80]A[0xcd][0x8d][0x0][0x0][0x0]"
09:51:07.065 [main] DEBUG org.apache.http.wire --  << "[\r][\n]"
09:51:07.066 [main] DEBUG org.apache.http.wire --  << "0[\r][\n]"
09:51:07.066 [main] DEBUG org.apache.http.wire --  << "[\r][\n]"
09:51:07.066 [main] DEBUG io.restassured.internal.RestAssuredHttpBuilder -- Parsed data to instance of: class org.apache.http.conn.EofSensorInputStream
09:51:07.069 [main] DEBUG org.apache.http.impl.conn.BasicClientConnectionManager -- Releasing connection org.apache.http.impl.conn.ManagedClientConnectionImpl@696ce057
09:51:07.069 [main] DEBUG org.apache.http.impl.conn.BasicClientConnectionManager -- Connection can be kept alive indefinitely
09:51:07.071 [main] DEBUG net.thucydides.core.steps.StepInterceptor -- STEP DONE: inputTokenOrder
  &amp#27;[32mWhen &amp#27;[0m&amp#27;[32mI input token authorization&amp#27;[0m                     &amp#27;[90m# starter.stepdefinitions.UserSteps.userInputTokenInAuthorization()&amp#27;[0m
09:51:07.080 [main] DEBUG net.thucydides.core.steps.StepInterceptor -- STARTING STEP: UserSteps.userSeeNewOrderResponse - seeResponseOrder
09:51:07.128 [main] DEBUG net.thucydides.core.steps.StepInterceptor -- STEP DONE: seeResponseOrder
  &amp#27;[32mThen &amp#27;[0m&amp#27;[32muser see status code 200 and new order response&amp#27;[0m &amp#27;[90m# starter.stepdefinitions.UserSteps.userSeeNewOrderResponse()&amp#27;[0m
09:51:07.134 [main] INFO  -- 
  _____   ___   ___   _____     ___     _     ___   ___   ___   ___  
 |_   _| | __| / __| |_   _|   | _ \   /_\   / __| / __| | __| |   \ 
   | |   | _|  \__ \   | |     |  _/  / _ \  \__ \ \__ \ | _|  | |) |
   |_|   |___| |___/   |_|     |_|   /_/ \_\ |___/ |___/ |___| |___/ 

POST ORDER I want to make a new order
----------------------------------------------------------------------
]]></system-out>
  </testcase>
  <testcase name="GET - As a user I want to list all my order" classname="As user i want to test order on website" time="0.662">
    <system-out><![CDATA[
Scenario: GET - As a user I want to list all my order        &amp#27;[90m# src/test/resources/features/Orders.feature:9&amp#27;[0m
09:51:07.155 [main] DEBUG io.cucumber.core.plugin.SerenityReporter -- Running feature from file:///D:/Intelij/RESTfulAPI%20AltaShop%20Elisa/src/test/resources/features/Orders.feature
09:51:07.164 [main] INFO  -- 
  _____   ___   ___   _____     ___   _____     _     ___   _____   ___   ___  
 |_   _| | __| / __| |_   _|   / __| |_   _|   /_\   | _ \ |_   _| | __| |   \ 
   | |   | _|  \__ \   | |     \__ \   | |    / _ \  |   /   | |   | _|  | |) |
   |_|   |___| |___/   |_|     |___/   |_|   /_/ \_\ |_|_\   |_|   |___| |___/ 

GET - As a user I want to list all my order(as-user-i-want-to-test-order-on-website;get---as-a-user-i-want-to-list-all-my-order)
--------------------------------------------------------------------------------
09:51:07.244 [main] DEBUG net.thucydides.core.steps.StepInterceptor -- STARTING STEP: UserSteps.userSetEndpointForOrder - endpointOrder
09:51:07.244 [main] DEBUG net.thucydides.core.steps.StepInterceptor -- STEP DONE: endpointOrder
  &amp#27;[32mGiven &amp#27;[0m&amp#27;[32mI set endpoint to order&amp#27;[0m                              &amp#27;[90m# starter.stepdefinitions.UserSteps.userSetEndpointForOrder()&amp#27;[0m
09:51:07.274 [main] DEBUG net.thucydides.core.steps.StepInterceptor -- STARTING STEP: UserSteps.userSendRequestToEndpointOrder - sendRequestOrder
09:51:07.279 [main] DEBUG net.thucydides.core.steps.StepInterceptor -- STARTING STEP: Order.sendRequestOrder - endpointOrder
09:51:07.280 [main] DEBUG net.thucydides.core.steps.StepInterceptor -- STEP DONE: endpointOrder
09:51:07.336 [main] DEBUG org.apache.http.impl.conn.BasicClientConnectionManager -- Get connection for route {s}->https://altashop-api.fly.dev:443
09:51:07.339 [main] DEBUG org.apache.http.impl.conn.DefaultClientConnectionOperator -- Connecting to altashop-api.fly.dev:443
09:51:07.435 [main] DEBUG org.apache.http.client.protocol.RequestAddCookies -- CookieSpec selected: ignoreCookies
09:51:07.435 [main] DEBUG org.apache.http.client.protocol.RequestAuthCache -- Auth cache not set in the context
09:51:07.435 [main] DEBUG org.apache.http.client.protocol.RequestProxyAuthentication -- Proxy auth state: UNCHALLENGED
09:51:07.435 [main] DEBUG org.apache.http.impl.client.DefaultHttpClient -- Attempt 1 to execute request
09:51:07.435 [main] DEBUG org.apache.http.impl.conn.DefaultClientConnection -- Sending request: GET /api/orders HTTP/1.1
09:51:07.435 [main] DEBUG org.apache.http.wire --  >> "GET /api/orders HTTP/1.1[\r][\n]"
09:51:07.436 [main] DEBUG org.apache.http.wire --  >> "Authorization: Bearer eyJhbGciOiJIUzI1NiIsInR5cCI6IkpXVCJ9.eyJGdWxsbmFtZSI6IkpvaG4gRG9lIiwiRW1haWwiOiJzb21lb25lQG1haWwuY29tIn0.WvBSxcQEqqniC1v08LzkrHcELegs0b7vtjGPWiaEWcI[\r][\n]"
09:51:07.436 [main] DEBUG org.apache.http.wire --  >> "Accept: */*[\r][\n]"
09:51:07.436 [main] DEBUG org.apache.http.wire --  >> "Host: altashop-api.fly.dev[\r][\n]"
09:51:07.436 [main] DEBUG org.apache.http.wire --  >> "Connection: Keep-Alive[\r][\n]"
09:51:07.436 [main] DEBUG org.apache.http.wire --  >> "User-Agent: Apache-HttpClient/4.5.13 (Java/20)[\r][\n]"
09:51:07.436 [main] DEBUG org.apache.http.wire --  >> "Accept-Encoding: gzip,deflate[\r][\n]"
09:51:07.436 [main] DEBUG org.apache.http.wire --  >> "[\r][\n]"
09:51:07.436 [main] DEBUG org.apache.http.headers -- >> GET /api/orders HTTP/1.1
09:51:07.436 [main] DEBUG org.apache.http.headers -- >> Authorization: Bearer eyJhbGciOiJIUzI1NiIsInR5cCI6IkpXVCJ9.eyJGdWxsbmFtZSI6IkpvaG4gRG9lIiwiRW1haWwiOiJzb21lb25lQG1haWwuY29tIn0.WvBSxcQEqqniC1v08LzkrHcELegs0b7vtjGPWiaEWcI
09:51:07.436 [main] DEBUG org.apache.http.headers -- >> Accept: */*
09:51:07.437 [main] DEBUG org.apache.http.headers -- >> Host: altashop-api.fly.dev
09:51:07.437 [main] DEBUG org.apache.http.headers -- >> Connection: Keep-Alive
09:51:07.437 [main] DEBUG org.apache.http.headers -- >> User-Agent: Apache-HttpClient/4.5.13 (Java/20)
09:51:07.437 [main] DEBUG org.apache.http.headers -- >> Accept-Encoding: gzip,deflate
09:51:07.624 [main] DEBUG org.apache.http.wire --  << "HTTP/1.1 200 OK[\r][\n]"
09:51:07.625 [main] DEBUG org.apache.http.wire --  << "content-type: application/json[\r][\n]"
09:51:07.625 [main] DEBUG org.apache.http.wire --  << "date: Mon, 08 May 2023 02:51:07 GMT[\r][\n]"
09:51:07.625 [main] DEBUG org.apache.http.wire --  << "content-encoding: gzip[\r][\n]"
09:51:07.625 [main] DEBUG org.apache.http.wire --  << "transfer-encoding: chunked[\r][\n]"
09:51:07.625 [main] DEBUG org.apache.http.wire --  << "server: Fly/3f2597ca (2023-05-03)[\r][\n]"
09:51:07.625 [main] DEBUG org.apache.http.wire --  << "via: 1.1 fly.io[\r][\n]"
09:51:07.625 [main] DEBUG org.apache.http.wire --  << "fly-request-id: 01GZWMA5N658WV0VVM942NEJJ2-sin[\r][\n]"
09:51:07.625 [main] DEBUG org.apache.http.wire --  << "[\r][\n]"
09:51:07.625 [main] DEBUG org.apache.http.impl.conn.DefaultClientConnection -- Receiving response: HTTP/1.1 200 OK
09:51:07.625 [main] DEBUG org.apache.http.headers -- << HTTP/1.1 200 OK
09:51:07.625 [main] DEBUG org.apache.http.headers -- << content-type: application/json
09:51:07.625 [main] DEBUG org.apache.http.headers -- << date: Mon, 08 May 2023 02:51:07 GMT
09:51:07.625 [main] DEBUG org.apache.http.headers -- << content-encoding: gzip
09:51:07.625 [main] DEBUG org.apache.http.headers -- << transfer-encoding: chunked
09:51:07.625 [main] DEBUG org.apache.http.headers -- << server: Fly/3f2597ca (2023-05-03)
09:51:07.625 [main] DEBUG org.apache.http.headers -- << via: 1.1 fly.io
09:51:07.625 [main] DEBUG org.apache.http.headers -- << fly-request-id: 01GZWMA5N658WV0VVM942NEJJ2-sin
09:51:07.626 [main] DEBUG org.apache.http.impl.client.DefaultHttpClient -- Connection can be kept alive indefinitely
09:51:07.626 [main] DEBUG io.restassured.internal.RestAssuredHttpBuilder -- Parsing response as: application/json
09:51:07.626 [main] DEBUG org.apache.http.wire --  << "247[\r][\n]"
09:51:07.626 [main] DEBUG org.apache.http.wire --  << "[0x1f][0x8b][0x8][0x0][0x0][0x0][0x0][0x0][0x4][0xff][0xaa]VJI,IT[0xb2][0x8a][0xae]V[\n]"
09:51:07.626 [main] DEBUG org.apache.http.wire --  << "([0xca]O)M.Q[0xb2]R[\n]"
09:51:07.626 [main] DEBUG org.apache.http.wire --  << "*-.[0xc9]LV[0x8][0xcf][0xcf]OI[0xcd]SpJLW[0xd2]Q[\n]"
09:51:07.626 [main] DEBUG org.apache.http.wire --  << "([0xca]LNU[0xb2]240[0xd0]Q[\n]"
09:51:07.626 [main] DEBUG org.apache.http.wire --  << ",M[0xcc]+[0xc9],[0xa9]T[0xb2]2[0xd4]Q[\n]"
09:51:07.626 [main] DEBUG org.apache.http.wire --  << ".M*[0xc9]/I[0xcc][0x1][0xcb][0xd5][0xea] [0x9b][0x13]P[0x94][0x98]\[0x92][0x99][0x9c][0x98][0xa3][0xe0][0x93][0x99][0x7]2)[0xbf][0xa4]$'[0x95]L[0xc3][0x82]sRS[0xb3][0xa1][0x6][0xb9][0xe7][0xe4][0x97][0xa5][0x16][0x93]i[0x90]SQbrjNj[0x9]B[0xbb][0x91][0x11]nO[0x19][0x19][0x19][0xe0][0xf2][0x94]{Qb^fI[0xaa][0x82]s~"[0x92]a$[0x85]Ppe^jQz&,[0xb8]s[0x14][0x82]32[0x8b][0xc8]5L[0x1][0xc9]G[0x96][0x96]8[0xa3][0xc9][0xc8][0xd2][0x12][0xd5]G[0x14][0x6][0x88]_bq[0xa6][0x82]Kbi[0x9e][0x82]WjQi[0xb6]Bbeb[0xae]Bz~Qj[0x1e]r[0xba][0xb1]4[0xc0][0x97]r@[0xb2][0xa8][0x8e][0xf2][0xcc]+I[0xcd][0xc9][0xc9]LO[0xcd]+[0x81]Fz@b^[0x9]R[0x9c][0x9b][[0x18][0x9a]"[0xfb][0xd1][0x8]%)[0x9a][0x9a][0x19][0xa3][0xc5][0x1b]4Q;[0xe7][0x17][0x14][0xa4][0x16][0xa1][0xc5][0x99][0xa5][0xa9][0x91][0x9]n[0xb3],[\r]L,P[0x1d][0xe7][0x98]Z[0x94][0x9f]R[0x99][0x97][0x98][0x9b][0x99][0xac][0x10]T[0x9a][0x94][0x94]Z[0xa4][0xe0][0x81][0x9c][0x6][0x8c]L[0xcc]-p[0x9a]gbij[0x86]j\pnbN[0x8e][0x82]s~^rQjI[0xaa][0x2][0x9a]G[0xcd],L[0x8d]q[0x1a]fhln[0x80]f[0x9a]kQz~^>[0xc8]i[0xb0][0x4][0x1a][0x90][0x93]X[0x82][0x94][0xed][0x8c][0x8d]-q[0x1b]hfn[0x81]f[0x1e]4[0xe0][0xa0][0xa5][0x1][0x9a]Y[0xe6][0x86][0x16]F[0xb8][0x1d]gblf[0x82][0xea]U[0x9f][0xcc][0xf4][0x8c][0x92][0xf2]T[0x10][0xa9][0xe0][0x98]S[0x9a][0x9b][0x99]W[0x9a][0x8b][0x1a]v[0xa6][0x86][0x16](i[0x17]5^[\r][0x8c][0xcd][0xd1][0xe2][0xc2]=[0xbf](=5[0xbf][0xb4]X! [0x11][0x14][0xb1][0xe1][0x89]%[0xc9][0x19]H[0x19][0xc1][0xc4][0x2][0xb7]_M,[0xcd][0xd0][0xfc][\n]"
09:51:07.627 [main] DEBUG org.apache.http.wire --  << "[0x89][0x9][0x1c][0xe1]fij[0x86][0xdb],[0xc0][0xc]-[\r][0x8d][0xd0][0xc]C*[0xfe]R[0x13]K2@[0xa9].'?9[0x1b][0xe1]8[0x13]S3[0x94][0x82][0x7][0xc5][0xab][0x96][0x86][0xe8]%[0x8f]ojJf~r[0x11][0xa8][0xc0][0x1][0xa7]a[0xb4]tbad[0x89]'*[0xcc]L-[0xd0][0xa2][0x2]9[0x87][0x85][0xe7][0xe7][0xe7](x[0xe7]e[0xa6]!%[0x13]KC#<[0x19][0xcc][0xc2][0xc8][0xd4][0xa0]6[0xb6][0x96][0xb][0x0]W[0xdd][0xd9]XA[0x6][0x0][0x0]"
09:51:07.627 [main] DEBUG org.apache.http.wire --  << "[\r][\n]"
09:51:07.630 [main] DEBUG org.apache.http.wire --  << "0[\r][\n]"
09:51:07.630 [main] DEBUG org.apache.http.wire --  << "[\r][\n]"
09:51:07.630 [main] DEBUG io.restassured.internal.RestAssuredHttpBuilder -- Parsed data to instance of: class org.apache.http.conn.EofSensorInputStream
09:51:07.633 [main] DEBUG org.apache.http.impl.conn.BasicClientConnectionManager -- Releasing connection org.apache.http.impl.conn.ManagedClientConnectionImpl@3aed692d
09:51:07.633 [main] DEBUG org.apache.http.impl.conn.BasicClientConnectionManager -- Connection can be kept alive indefinitely
09:51:07.637 [main] DEBUG net.thucydides.core.steps.StepInterceptor -- STEP DONE: sendRequestOrder
  &amp#27;[32mWhen &amp#27;[0m&amp#27;[32mI send request to endpoint order&amp#27;[0m                      &amp#27;[90m# starter.stepdefinitions.UserSteps.userSendRequestToEndpointOrder()&amp#27;[0m
09:51:07.643 [main] DEBUG net.thucydides.core.steps.StepInterceptor -- STARTING STEP: UserSteps.userInputTokenInAuthorization - inputTokenOrder
09:51:07.644 [main] DEBUG net.thucydides.core.steps.StepInterceptor -- STARTING STEP: Order.inputTokenOrder - endpointOrder
09:51:07.645 [main] DEBUG net.thucydides.core.steps.StepInterceptor -- STEP DONE: endpointOrder
09:51:07.665 [main] DEBUG org.apache.http.impl.conn.BasicClientConnectionManager -- Get connection for route {s}->https://altashop-api.fly.dev:443
09:51:07.665 [main] DEBUG org.apache.http.impl.conn.DefaultClientConnectionOperator -- Connecting to altashop-api.fly.dev:443
09:51:07.740 [main] DEBUG org.apache.http.client.protocol.RequestAddCookies -- CookieSpec selected: ignoreCookies
09:51:07.740 [main] DEBUG org.apache.http.client.protocol.RequestAuthCache -- Auth cache not set in the context
09:51:07.740 [main] DEBUG org.apache.http.client.protocol.RequestProxyAuthentication -- Proxy auth state: UNCHALLENGED
09:51:07.740 [main] DEBUG org.apache.http.impl.client.DefaultHttpClient -- Attempt 1 to execute request
09:51:07.740 [main] DEBUG org.apache.http.impl.conn.DefaultClientConnection -- Sending request: POST /api/orders HTTP/1.1
09:51:07.740 [main] DEBUG org.apache.http.wire --  >> "POST /api/orders HTTP/1.1[\r][\n]"
09:51:07.741 [main] DEBUG org.apache.http.wire --  >> "Authorization: Bearer eyJhbGciOiJIUzI1NiIsInR5cCI6IkpXVCJ9.eyJGdWxsbmFtZSI6IkpvaG4gRG9lIiwiRW1haWwiOiJzb21lb25lQG1haWwuY29tIn0.WvBSxcQEqqniC1v08LzkrHcELegs0b7vtjGPWiaEWcI[\r][\n]"
09:51:07.741 [main] DEBUG org.apache.http.wire --  >> "Accept: */*[\r][\n]"
09:51:07.741 [main] DEBUG org.apache.http.wire --  >> "Content-Type: text/plain; charset=ISO-8859-1[\r][\n]"
09:51:07.741 [main] DEBUG org.apache.http.wire --  >> "Content-Length: 31[\r][\n]"
09:51:07.741 [main] DEBUG org.apache.http.wire --  >> "Host: altashop-api.fly.dev[\r][\n]"
09:51:07.741 [main] DEBUG org.apache.http.wire --  >> "Connection: Keep-Alive[\r][\n]"
09:51:07.741 [main] DEBUG org.apache.http.wire --  >> "User-Agent: Apache-HttpClient/4.5.13 (Java/20)[\r][\n]"
09:51:07.741 [main] DEBUG org.apache.http.wire --  >> "Accept-Encoding: gzip,deflate[\r][\n]"
09:51:07.741 [main] DEBUG org.apache.http.wire --  >> "[\r][\n]"
09:51:07.742 [main] DEBUG org.apache.http.headers -- >> POST /api/orders HTTP/1.1
09:51:07.742 [main] DEBUG org.apache.http.headers -- >> Authorization: Bearer eyJhbGciOiJIUzI1NiIsInR5cCI6IkpXVCJ9.eyJGdWxsbmFtZSI6IkpvaG4gRG9lIiwiRW1haWwiOiJzb21lb25lQG1haWwuY29tIn0.WvBSxcQEqqniC1v08LzkrHcELegs0b7vtjGPWiaEWcI
09:51:07.742 [main] DEBUG org.apache.http.headers -- >> Accept: */*
09:51:07.742 [main] DEBUG org.apache.http.headers -- >> Content-Type: text/plain; charset=ISO-8859-1
09:51:07.742 [main] DEBUG org.apache.http.headers -- >> Content-Length: 31
09:51:07.742 [main] DEBUG org.apache.http.headers -- >> Host: altashop-api.fly.dev
09:51:07.742 [main] DEBUG org.apache.http.headers -- >> Connection: Keep-Alive
09:51:07.742 [main] DEBUG org.apache.http.headers -- >> User-Agent: Apache-HttpClient/4.5.13 (Java/20)
09:51:07.742 [main] DEBUG org.apache.http.headers -- >> Accept-Encoding: gzip,deflate
09:51:07.742 [main] DEBUG org.apache.http.wire --  >> "[{"quantity":3,"product_id":1}]"
09:51:07.776 [main] DEBUG org.apache.http.wire --  << "HTTP/1.1 200 OK[\r][\n]"
09:51:07.777 [main] DEBUG org.apache.http.wire --  << "content-type: application/json[\r][\n]"
09:51:07.777 [main] DEBUG org.apache.http.wire --  << "date: Mon, 08 May 2023 02:51:07 GMT[\r][\n]"
09:51:07.777 [main] DEBUG org.apache.http.wire --  << "content-encoding: gzip[\r][\n]"
09:51:07.777 [main] DEBUG org.apache.http.wire --  << "transfer-encoding: chunked[\r][\n]"
09:51:07.777 [main] DEBUG org.apache.http.wire --  << "server: Fly/3f2597ca (2023-05-03)[\r][\n]"
09:51:07.777 [main] DEBUG org.apache.http.wire --  << "via: 1.1 fly.io[\r][\n]"
09:51:07.777 [main] DEBUG org.apache.http.wire --  << "fly-request-id: 01GZWMA5YSGWJJWGBVRDKC0DD9-sin[\r][\n]"
09:51:07.777 [main] DEBUG org.apache.http.wire --  << "[\r][\n]"
09:51:07.778 [main] DEBUG org.apache.http.impl.conn.DefaultClientConnection -- Receiving response: HTTP/1.1 200 OK
09:51:07.778 [main] DEBUG org.apache.http.headers -- << HTTP/1.1 200 OK
09:51:07.778 [main] DEBUG org.apache.http.headers -- << content-type: application/json
09:51:07.778 [main] DEBUG org.apache.http.headers -- << date: Mon, 08 May 2023 02:51:07 GMT
09:51:07.778 [main] DEBUG org.apache.http.headers -- << content-encoding: gzip
09:51:07.778 [main] DEBUG org.apache.http.headers -- << transfer-encoding: chunked
09:51:07.778 [main] DEBUG org.apache.http.headers -- << server: Fly/3f2597ca (2023-05-03)
09:51:07.778 [main] DEBUG org.apache.http.headers -- << via: 1.1 fly.io
09:51:07.778 [main] DEBUG org.apache.http.headers -- << fly-request-id: 01GZWMA5YSGWJJWGBVRDKC0DD9-sin
09:51:07.778 [main] DEBUG org.apache.http.impl.client.DefaultHttpClient -- Connection can be kept alive indefinitely
09:51:07.778 [main] DEBUG io.restassured.internal.RestAssuredHttpBuilder -- Parsing response as: application/json
09:51:07.778 [main] DEBUG org.apache.http.wire --  << "99[\r][\n]"
09:51:07.778 [main] DEBUG org.apache.http.wire --  << "[0x1f][0x8b][0x8][0x0][0x0][0x0][0x0][0x0][0x4][0xff][0xab]VJI,IT[0xb2][0x8a][0xae]V[0xf2]tQ[0xb2]24[0xb0]4[0xb5][0xd0]Q[\n]"
09:51:07.778 [main] DEBUG org.apache.http.wire --  << "-N-R[0xb2][0x82][\n]"
09:51:07.779 [main] DEBUG org.apache.http.wire --  << "[0x99]Y[0x9a]X[0xe8]([0xb9][0x95][0xe6][0xe4][0xe4]%[0xe6][0xa6]*Y)y[0xe5]g[0xe4])[0xb8][0xe4][0xa7]*[0xe9]([0xb9][0xe6]&f[0xe6](Y)[0x15][0xe7][0xe7][0xa6][0xe6][0xe7][0xa5]:[0x80][0xb8]z[0xc9][0xf9][0xb9]J:J[0x1][0x89][0xc5][0xc5][0xe5][0xf9]E)JVJ[0x86]F[0xc6][0x86]F[0xc6]J[0xb5]:J[0x1]E[0xf9])[0xa5][0xc9]%JVy[0xa5]99:J[0x81][0xa5][0x89]y%[0x99]%[0x95]JV[0xc6][0xb5][0xb1][0xb5]\[0x0]%s[0xa2][0xe0][0x8d][0x0][0x0][0x0]"
09:51:07.779 [main] DEBUG org.apache.http.wire --  << "[\r][\n]"
09:51:07.779 [main] DEBUG org.apache.http.wire --  << "0[\r][\n]"
09:51:07.779 [main] DEBUG org.apache.http.wire --  << "[\r][\n]"
09:51:07.779 [main] DEBUG io.restassured.internal.RestAssuredHttpBuilder -- Parsed data to instance of: class org.apache.http.conn.EofSensorInputStream
09:51:07.781 [main] DEBUG org.apache.http.impl.conn.BasicClientConnectionManager -- Releasing connection org.apache.http.impl.conn.ManagedClientConnectionImpl@291028d7
09:51:07.781 [main] DEBUG org.apache.http.impl.conn.BasicClientConnectionManager -- Connection can be kept alive indefinitely
09:51:07.783 [main] DEBUG net.thucydides.core.steps.StepInterceptor -- STEP DONE: inputTokenOrder
  &amp#27;[32mWhen &amp#27;[0m&amp#27;[32mI input token authorization&amp#27;[0m                           &amp#27;[90m# starter.stepdefinitions.UserSteps.userInputTokenInAuthorization()&amp#27;[0m
09:51:07.788 [main] DEBUG net.thucydides.core.steps.StepInterceptor -- STARTING STEP: UserSteps.userShowListOfTheOrder - listOrder
09:51:07.792 [main] DEBUG net.thucydides.core.steps.StepInterceptor -- STEP DONE: listOrder
  &amp#27;[32mThen &amp#27;[0m&amp#27;[32mI see status code 200 and user show list of the order&amp#27;[0m &amp#27;[90m# starter.stepdefinitions.UserSteps.userShowListOfTheOrder()&amp#27;[0m
09:51:07.796 [main] INFO  -- 
  _____   ___   ___   _____     ___     _     ___   ___   ___   ___  
 |_   _| | __| / __| |_   _|   | _ \   /_\   / __| / __| | __| |   \ 
   | |   | _|  \__ \   | |     |  _/  / _ \  \__ \ \__ \ | _|  | |) |
   |_|   |___| |___/   |_|     |_|   /_/ \_\ |___/ |___/ |___| |___/ 

GET - As a user I want to list all my order
----------------------------------------------------------------------
]]></system-out>
  </testcase>
  <testcase name="POST PRODUCT create a new product" classname="Product Data" time="0.285">
    <system-out><![CDATA[09:51:07.798 [main] DEBUG io.cucumber.core.plugin.SerenityReporter -- Running feature from file:///D:/Intelij/RESTfulAPI%20AltaShop%20Elisa/src/test/resources/features/Product.feature
09:51:07.803 [main] DEBUG net.thucydides.core.steps.StepEventBus -- Test suite started for story net.thucydides.core.model.Story@35ffe80f
09:51:07.804 [main] INFO  -- Test Suite Started: Product Data

Scenario: POST PRODUCT create a new product           &amp#27;[90m# src/test/resources/features/Product.feature:6&amp#27;[0m
09:51:07.820 [main] DEBUG io.cucumber.core.plugin.SerenityReporter -- Running feature from file:///D:/Intelij/RESTfulAPI%20AltaShop%20Elisa/src/test/resources/features/Product.feature
09:51:07.826 [main] INFO  -- 
  _____   ___   ___   _____     ___   _____     _     ___   _____   ___   ___  
 |_   _| | __| / __| |_   _|   / __| |_   _|   /_\   | _ \ |_   _| | __| |   \ 
   | |   | _|  \__ \   | |     \__ \   | |    / _ \  |   /   | |   | _|  | |) |
   |_|   |___| |___/   |_|     |___/   |_|   /_/ \_\ |_|_\   |_|   |___| |___/ 

POST PRODUCT create a new product(product-data;post-product-create-a-new-product)
--------------------------------------------------------------------------------
09:51:07.878 [main] DEBUG net.thucydides.core.steps.StepInterceptor -- STARTING STEP: UserSteps.userSetEndpointForProduct - endpointProduct
09:51:07.879 [main] DEBUG net.thucydides.core.steps.StepInterceptor -- STEP DONE: endpointProduct
  &amp#27;[32mGiven &amp#27;[0m&amp#27;[32mIam setting endpoint for product&amp#27;[0m              &amp#27;[90m# starter.stepdefinitions.UserSteps.userSetEndpointForProduct()&amp#27;[0m
09:51:07.891 [main] DEBUG net.thucydides.core.steps.StepInterceptor -- STARTING STEP: UserSteps.userSendPOSTHTTPRequestWithValidDataProduct - sendRequestValidProduct
09:51:07.895 [main] DEBUG net.thucydides.core.steps.StepInterceptor -- STARTING STEP: Product.sendRequestValidProduct - endpointProduct
09:51:07.895 [main] DEBUG net.thucydides.core.steps.StepInterceptor -- STEP DONE: endpointProduct
09:51:07.938 [main] DEBUG org.apache.http.impl.conn.BasicClientConnectionManager -- Get connection for route {s}->https://altashop-api.fly.dev:443
09:51:07.938 [main] DEBUG org.apache.http.impl.conn.DefaultClientConnectionOperator -- Connecting to altashop-api.fly.dev:443
09:51:08.024 [main] DEBUG org.apache.http.client.protocol.RequestAddCookies -- CookieSpec selected: ignoreCookies
09:51:08.024 [main] DEBUG org.apache.http.client.protocol.RequestAuthCache -- Auth cache not set in the context
09:51:08.024 [main] DEBUG org.apache.http.client.protocol.RequestProxyAuthentication -- Proxy auth state: UNCHALLENGED
09:51:08.025 [main] DEBUG org.apache.http.impl.client.DefaultHttpClient -- Attempt 1 to execute request
09:51:08.025 [main] DEBUG org.apache.http.impl.conn.DefaultClientConnection -- Sending request: POST /api/products HTTP/1.1
09:51:08.025 [main] DEBUG org.apache.http.wire --  >> "POST /api/products HTTP/1.1[\r][\n]"
09:51:08.026 [main] DEBUG org.apache.http.wire --  >> "Authorization: Bearer eyJhbGciOiJIUzI1NiIsInR5cCI6IkpXVCJ9.eyJGdWxsbmFtZSI6IkZpcnN0bmFtZSBMYXN0bmFtZSIsIkVtYWlsIjoic29tZW9uZUBtYWlsLmNvbSJ9.bGpZNDg6YHtKlTFw7_yuyn3SAICmfvdIV1yX7mIKrTw[\r][\n]"
09:51:08.026 [main] DEBUG org.apache.http.wire --  >> "Accept: */*[\r][\n]"
09:51:08.026 [main] DEBUG org.apache.http.wire --  >> "Content-Type: text/plain; charset=ISO-8859-1[\r][\n]"
09:51:08.026 [main] DEBUG org.apache.http.wire --  >> "Content-Length: 60[\r][\n]"
09:51:08.026 [main] DEBUG org.apache.http.wire --  >> "Host: altashop-api.fly.dev[\r][\n]"
09:51:08.026 [main] DEBUG org.apache.http.wire --  >> "Connection: Keep-Alive[\r][\n]"
09:51:08.026 [main] DEBUG org.apache.http.wire --  >> "User-Agent: Apache-HttpClient/4.5.13 (Java/20)[\r][\n]"
09:51:08.026 [main] DEBUG org.apache.http.wire --  >> "Accept-Encoding: gzip,deflate[\r][\n]"
09:51:08.026 [main] DEBUG org.apache.http.wire --  >> "[\r][\n]"
09:51:08.027 [main] DEBUG org.apache.http.headers -- >> POST /api/products HTTP/1.1
09:51:08.027 [main] DEBUG org.apache.http.headers -- >> Authorization: Bearer eyJhbGciOiJIUzI1NiIsInR5cCI6IkpXVCJ9.eyJGdWxsbmFtZSI6IkZpcnN0bmFtZSBMYXN0bmFtZSIsIkVtYWlsIjoic29tZW9uZUBtYWlsLmNvbSJ9.bGpZNDg6YHtKlTFw7_yuyn3SAICmfvdIV1yX7mIKrTw
09:51:08.027 [main] DEBUG org.apache.http.headers -- >> Accept: */*
09:51:08.027 [main] DEBUG org.apache.http.headers -- >> Content-Type: text/plain; charset=ISO-8859-1
09:51:08.027 [main] DEBUG org.apache.http.headers -- >> Content-Length: 60
09:51:08.027 [main] DEBUG org.apache.http.headers -- >> Host: altashop-api.fly.dev
09:51:08.027 [main] DEBUG org.apache.http.headers -- >> Connection: Keep-Alive
09:51:08.027 [main] DEBUG org.apache.http.headers -- >> User-Agent: Apache-HttpClient/4.5.13 (Java/20)
09:51:08.027 [main] DEBUG org.apache.http.headers -- >> Accept-Encoding: gzip,deflate
09:51:08.027 [main] DEBUG org.apache.http.wire --  >> "{"price":450,"name":"IPHONE 15 PRO","description":"HENGPON"}"
09:51:08.066 [main] DEBUG org.apache.http.wire --  << "HTTP/1.1 200 OK[\r][\n]"
09:51:08.066 [main] DEBUG org.apache.http.wire --  << "content-type: application/json[\r][\n]"
09:51:08.066 [main] DEBUG org.apache.http.wire --  << "date: Mon, 08 May 2023 02:51:07 GMT[\r][\n]"
09:51:08.066 [main] DEBUG org.apache.http.wire --  << "content-encoding: gzip[\r][\n]"
09:51:08.066 [main] DEBUG org.apache.http.wire --  << "transfer-encoding: chunked[\r][\n]"
09:51:08.066 [main] DEBUG org.apache.http.wire --  << "server: Fly/3f2597ca (2023-05-03)[\r][\n]"
09:51:08.066 [main] DEBUG org.apache.http.wire --  << "via: 1.1 fly.io[\r][\n]"
09:51:08.066 [main] DEBUG org.apache.http.wire --  << "fly-request-id: 01GZWMA67PTDFK3RBVHJ1T1BPX-sin[\r][\n]"
09:51:08.066 [main] DEBUG org.apache.http.wire --  << "[\r][\n]"
09:51:08.066 [main] DEBUG org.apache.http.impl.conn.DefaultClientConnection -- Receiving response: HTTP/1.1 200 OK
09:51:08.066 [main] DEBUG org.apache.http.headers -- << HTTP/1.1 200 OK
09:51:08.066 [main] DEBUG org.apache.http.headers -- << content-type: application/json
09:51:08.066 [main] DEBUG org.apache.http.headers -- << date: Mon, 08 May 2023 02:51:07 GMT
09:51:08.066 [main] DEBUG org.apache.http.headers -- << content-encoding: gzip
09:51:08.066 [main] DEBUG org.apache.http.headers -- << transfer-encoding: chunked
09:51:08.066 [main] DEBUG org.apache.http.headers -- << server: Fly/3f2597ca (2023-05-03)
09:51:08.066 [main] DEBUG org.apache.http.headers -- << via: 1.1 fly.io
09:51:08.066 [main] DEBUG org.apache.http.headers -- << fly-request-id: 01GZWMA67PTDFK3RBVHJ1T1BPX-sin
09:51:08.067 [main] DEBUG org.apache.http.impl.client.DefaultHttpClient -- Connection can be kept alive indefinitely
09:51:08.067 [main] DEBUG io.restassured.internal.RestAssuredHttpBuilder -- Parsing response as: application/json
09:51:08.067 [main] DEBUG org.apache.http.wire --  << "81[\r][\n]"
09:51:08.067 [main] DEBUG org.apache.http.wire --  << "[0x1f][0x8b][0x8][0x0][0x0][0x0][0x0][0x0][0x4][0xff][0xab]VJI,IT[0xb2][0xaa]V[0xf2]tQ[0xb2]241[0xb4]0[0xd6]Q[0xf2]K[0xcc]MU[0xb2]R[0xf2][0xc][0xf0][0xf0][0xf7]sU04U[0x8][0x8][0xf2]W[0xd2]QrI-N.[0xca],([0xc9][0xcc][0xcf]S[0xb2]R[0xf2]p[0xf5]s[0xf][0xf0][0xf7]S[0xd2]Q[\n]"
09:51:08.067 [main] DEBUG org.apache.http.wire --  << "([0xca]LNU[0xb2]215[0xd0]Q[\n]"
09:51:08.067 [main] DEBUG org.apache.http.wire --  << "J,[0xc9][0xcc]K/V[0xb2]2[0xd0]QrN,IM[0xcf]/[0xca]L-V[0xb2][0x8a][0x8e][0xad][0xad][0xe5][0x2][0x0]iy[0xa2][0xa8]m[0x0][0x0][0x0]"
09:51:08.067 [main] DEBUG org.apache.http.wire --  << "[\r][\n]"
09:51:08.067 [main] DEBUG org.apache.http.wire --  << "0[\r][\n]"
09:51:08.067 [main] DEBUG org.apache.http.wire --  << "[\r][\n]"
09:51:08.067 [main] DEBUG io.restassured.internal.RestAssuredHttpBuilder -- Parsed data to instance of: class org.apache.http.conn.EofSensorInputStream
09:51:08.070 [main] DEBUG org.apache.http.impl.conn.BasicClientConnectionManager -- Releasing connection org.apache.http.impl.conn.ManagedClientConnectionImpl@3fcc7f5c
09:51:08.070 [main] DEBUG org.apache.http.impl.conn.BasicClientConnectionManager -- Connection can be kept alive indefinitely
09:51:08.071 [main] DEBUG net.thucydides.core.steps.StepInterceptor -- STEP DONE: sendRequestValidProduct
  &amp#27;[32mWhen &amp#27;[0m&amp#27;[32mI send HTTP request to post valid data product&amp#27;[0m &amp#27;[90m# starter.stepdefinitions.UserSteps.userSendPOSTHTTPRequestWithValidDataProduct()&amp#27;[0m
  &amp#27;[32mThen &amp#27;[0m&amp#27;[32mI get status code 200&amp#27;[0m                          &amp#27;[90m# starter.stepdefinitions.UserSteps.get200ProductPost()&amp#27;[0m
09:51:08.080 [main] DEBUG net.thucydides.core.steps.StepInterceptor -- STARTING STEP: UserSteps.userSeeNewDetailProduct - seeDetailProduct
09:51:08.084 [main] DEBUG net.thucydides.core.steps.StepInterceptor -- STEP DONE: seeDetailProduct
  &amp#27;[32mAnd &amp#27;[0m&amp#27;[32miam seeing new detail product&amp#27;[0m                   &amp#27;[90m# starter.stepdefinitions.UserSteps.userSeeNewDetailProduct()&amp#27;[0m
09:51:08.088 [main] INFO  -- 
  _____   ___   ___   _____     ___     _     ___   ___   ___   ___  
 |_   _| | __| / __| |_   _|   | _ \   /_\   / __| / __| | __| |   \ 
   | |   | _|  \__ \   | |     |  _/  / _ \  \__ \ \__ \ | _|  | |) |
   |_|   |___| |___/   |_|     |_|   /_/ \_\ |___/ |___/ |___| |___/ 

POST PRODUCT create a new product
----------------------------------------------------------------------
]]></system-out>
  </testcase>
  <testcase name="GET - As a user I want to get all product" classname="Product Data" time="1.049">
    <system-out><![CDATA[09:51:08.133 [Finalizer] DEBUG org.apache.http.impl.conn.DefaultClientConnection -- Connection 0.0.0.0:57119<->149.248.193.56:443 closed
09:51:08.135 [Finalizer] DEBUG org.apache.http.impl.conn.DefaultClientConnection -- Connection 0.0.0.0:57120<->149.248.193.56:443 closed
09:51:08.136 [Finalizer] DEBUG org.apache.http.impl.conn.DefaultClientConnection -- Connection 0.0.0.0:57122<->149.248.193.56:443 closed

Scenario: GET - As a user I want to get all product &amp#27;[90m# src/test/resources/features/Product.feature:12&amp#27;[0m
09:51:08.142 [main] DEBUG io.cucumber.core.plugin.SerenityReporter -- Running feature from file:///D:/Intelij/RESTfulAPI%20AltaShop%20Elisa/src/test/resources/features/Product.feature
09:51:08.150 [main] INFO  -- 
  _____   ___   ___   _____     ___   _____     _     ___   _____   ___   ___  
 |_   _| | __| / __| |_   _|   / __| |_   _|   /_\   | _ \ |_   _| | __| |   \ 
   | |   | _|  \__ \   | |     \__ \   | |    / _ \  |   /   | |   | _|  | |) |
   |_|   |___| |___/   |_|     |___/   |_|   /_/ \_\ |_|_\   |_|   |___| |___/ 

GET - As a user I want to get all product(product-data;get---as-a-user-i-want-to-get-all-product)
--------------------------------------------------------------------------------
09:51:08.222 [main] DEBUG net.thucydides.core.steps.StepInterceptor -- STARTING STEP: UserSteps.userSetEndpointForProduct - endpointProduct
09:51:08.223 [main] DEBUG net.thucydides.core.steps.StepInterceptor -- STEP DONE: endpointProduct
  &amp#27;[32mGiven &amp#27;[0m&amp#27;[32mIam setting endpoint for product&amp#27;[0m            &amp#27;[90m# starter.stepdefinitions.UserSteps.userSetEndpointForProduct()&amp#27;[0m
09:51:08.235 [main] DEBUG net.thucydides.core.steps.StepInterceptor -- STARTING STEP: UserSteps.userSendRequest - iSendRequest
09:51:08.239 [main] DEBUG net.thucydides.core.steps.StepInterceptor -- STARTING STEP: Product.iSendRequest - endpointProduct
09:51:08.239 [main] DEBUG net.thucydides.core.steps.StepInterceptor -- STEP DONE: endpointProduct
09:51:08.255 [main] DEBUG org.apache.http.impl.conn.BasicClientConnectionManager -- Get connection for route {s}->https://altashop-api.fly.dev:443
09:51:08.255 [main] DEBUG org.apache.http.impl.conn.DefaultClientConnectionOperator -- Connecting to altashop-api.fly.dev:443
09:51:08.369 [main] DEBUG org.apache.http.client.protocol.RequestAddCookies -- CookieSpec selected: ignoreCookies
09:51:08.370 [main] DEBUG org.apache.http.client.protocol.RequestAuthCache -- Auth cache not set in the context
09:51:08.370 [main] DEBUG org.apache.http.client.protocol.RequestProxyAuthentication -- Proxy auth state: UNCHALLENGED
09:51:08.370 [main] DEBUG org.apache.http.impl.client.DefaultHttpClient -- Attempt 1 to execute request
09:51:08.370 [main] DEBUG org.apache.http.impl.conn.DefaultClientConnection -- Sending request: GET /api/products HTTP/1.1
09:51:08.370 [main] DEBUG org.apache.http.wire --  >> "GET /api/products HTTP/1.1[\r][\n]"
09:51:08.370 [main] DEBUG org.apache.http.wire --  >> "Authorization: Bearer eyJhbGciOiJIUzI1NiIsInR5cCI6IkpXVCJ9.eyJGdWxsbmFtZSI6IkZpcnN0bmFtZSBMYXN0bmFtZSIsIkVtYWlsIjoic29tZW9uZUBtYWlsLmNvbSJ9.bGpZNDg6YHtKlTFw7_yuyn3SAICmfvdIV1yX7mIKrTw[\r][\n]"
09:51:08.370 [main] DEBUG org.apache.http.wire --  >> "Accept: */*[\r][\n]"
09:51:08.370 [main] DEBUG org.apache.http.wire --  >> "Host: altashop-api.fly.dev[\r][\n]"
09:51:08.370 [main] DEBUG org.apache.http.wire --  >> "Connection: Keep-Alive[\r][\n]"
09:51:08.370 [main] DEBUG org.apache.http.wire --  >> "User-Agent: Apache-HttpClient/4.5.13 (Java/20)[\r][\n]"
09:51:08.370 [main] DEBUG org.apache.http.wire --  >> "Accept-Encoding: gzip,deflate[\r][\n]"
09:51:08.370 [main] DEBUG org.apache.http.wire --  >> "[\r][\n]"
09:51:08.370 [main] DEBUG org.apache.http.headers -- >> GET /api/products HTTP/1.1
09:51:08.370 [main] DEBUG org.apache.http.headers -- >> Authorization: Bearer eyJhbGciOiJIUzI1NiIsInR5cCI6IkpXVCJ9.eyJGdWxsbmFtZSI6IkZpcnN0bmFtZSBMYXN0bmFtZSIsIkVtYWlsIjoic29tZW9uZUBtYWlsLmNvbSJ9.bGpZNDg6YHtKlTFw7_yuyn3SAICmfvdIV1yX7mIKrTw
09:51:08.370 [main] DEBUG org.apache.http.headers -- >> Accept: */*
09:51:08.370 [main] DEBUG org.apache.http.headers -- >> Host: altashop-api.fly.dev
09:51:08.370 [main] DEBUG org.apache.http.headers -- >> Connection: Keep-Alive
09:51:08.370 [main] DEBUG org.apache.http.headers -- >> User-Agent: Apache-HttpClient/4.5.13 (Java/20)
09:51:08.370 [main] DEBUG org.apache.http.headers -- >> Accept-Encoding: gzip,deflate
09:51:08.733 [main] DEBUG org.apache.http.wire --  << "HTTP/1.1 200 OK[\r][\n]"
09:51:08.733 [main] DEBUG org.apache.http.wire --  << "content-type: application/json[\r][\n]"
09:51:08.733 [main] DEBUG org.apache.http.wire --  << "date: Mon, 08 May 2023 02:51:08 GMT[\r][\n]"
09:51:08.733 [main] DEBUG org.apache.http.wire --  << "transfer-encoding: chunked[\r][\n]"
09:51:08.733 [main] DEBUG org.apache.http.wire --  << "content-encoding: gzip[\r][\n]"
09:51:08.733 [main] DEBUG org.apache.http.wire --  << "server: Fly/3f2597ca (2023-05-03)[\r][\n]"
09:51:08.733 [main] DEBUG org.apache.http.wire --  << "via: 1.1 fly.io[\r][\n]"
09:51:08.733 [main] DEBUG org.apache.http.wire --  << "fly-request-id: 01GZWMA6JF32YNGRXKDPH3GK6B-sin[\r][\n]"
09:51:08.733 [main] DEBUG org.apache.http.wire --  << "[\r][\n]"
09:51:08.733 [main] DEBUG org.apache.http.impl.conn.DefaultClientConnection -- Receiving response: HTTP/1.1 200 OK
09:51:08.733 [main] DEBUG org.apache.http.headers -- << HTTP/1.1 200 OK
09:51:08.733 [main] DEBUG org.apache.http.headers -- << content-type: application/json
09:51:08.733 [main] DEBUG org.apache.http.headers -- << date: Mon, 08 May 2023 02:51:08 GMT
09:51:08.733 [main] DEBUG org.apache.http.headers -- << transfer-encoding: chunked
09:51:08.733 [main] DEBUG org.apache.http.headers -- << content-encoding: gzip
09:51:08.734 [main] DEBUG org.apache.http.headers -- << server: Fly/3f2597ca (2023-05-03)
09:51:08.734 [main] DEBUG org.apache.http.headers -- << via: 1.1 fly.io
09:51:08.734 [main] DEBUG org.apache.http.headers -- << fly-request-id: 01GZWMA6JF32YNGRXKDPH3GK6B-sin
09:51:08.734 [main] DEBUG org.apache.http.impl.client.DefaultHttpClient -- Connection can be kept alive indefinitely
09:51:08.734 [main] DEBUG io.restassured.internal.RestAssuredHttpBuilder -- Parsing response as: application/json
09:51:08.734 [main] DEBUG org.apache.http.wire --  << "1D6[\r][\n]"
09:51:08.734 [main] DEBUG org.apache.http.wire --  << "[0x1f][0x8b][0x8][0x0][0x0][0x0][0x0][0x0][0x4][0xff][0xaa]VJI,IT[0xb2][0x8a][0xae]V[0xf2]tQ[0xb2]24663[0xd1]Q[0xf2]K[0xcc]MU[0xb2]R[\n]"
09:51:08.734 [main] DEBUG org.apache.http.wire --  << "[0xce][0xcf][0xab]T[0x8][0x8]6U[0xd2]QrI-N.[0xca],([0xc9][0xcc][0xcf]S[0xb2]R*[0xc8]I[0xac]T[0xc8]H,V[0xc8][0xcb]W[0xc8][0xc9][0xcc][0xcd],)V[0xd2]Q[\n]"
09:51:08.734 [main] DEBUG org.apache.http.wire --  << "([0xca]LNU[0xb2]2[0xb2][0xb4][0xd4]Q[\n]"
09:51:08.734 [main] DEBUG org.apache.http.wire --  << "J,[0xc9][0xcc]K/V[0xb2]2[0xd1]QrN,IM[0xcf]/[0xca]L-V[0xb2][0x8a][0x8e][0xad][0xd5]A[0xd8]d[0x9][0xb7][0xa9]$[0xb5][0x18][0xa4]A[0xa1][0xa0](?[0xa5]4[0xb9][0x4][0xc3][0xc2][0x92][0x8c][0xcc]b[0x85][0xcc]b[0x85][0x92][0x8c]T[0x98][0x1a][0x85][0x14]$'[0xc1]m7@[0xb2][0xdb][0x18][0x8f][0xdd][0xe6][0x6]D[0xdb][0x8d][0xf0][0x9a][0xa1][0x81][0x1][0xb2][0xf9]F[0xf8][0xcc]7$[0xda]|[0xa2][0xfd][0x6][0xb2][0x1e][0xd9]~S|[0xf6][0x1b][0xd1][0xc6]~[0xa4][0xe0][0xc5]k="[0x11]Q-jI[0xf2][0xbe][0x19]m[0xbc][0x8f][0x1c][0xfc][0xf8][0x92][0xb6][0xb9]9[0xed][0xed]7[0xc0][0x17][0xfd][0x16][0xb4][0xb7][0x1f][0xaf][0xff]i[0x90][0xb5][0xd1][0xe3][0x1f][0x9f][0xff]-[0x88][0xcf][0xde]dg?|[0xfe][0xb7][0xa0]C[0xf6][0xc7][0xeb][0x1a]e[0xe4][0xf4][0x8f][0xd7]~c[0xda][0xa7]?[0xbc][0xf6]#[0xca][0x1f][0x8f][0x0][0x85][0xdc][0xcc][0x92]|[0x8c]*[0x5]\[0x87][0x95][0xa4][0x16]%%ff#[0x8a]xS3s[0xa4]"[0xe][0xaf][0x15][0x88],[0x1e][0xe1][0xe4][0x1f]a[0x88]a[0x1][0xc2]P[0x13][0x94]*[0x11][0xbd][0xdc][0x84][0xd6][0x87]F[0xa6]&[0x88]D[0xe3][0x9e][0x98][0x9b][0x99][0x97][0x8e]a[0xa4][~[0x91]B:XJ[0xa1][0xa0][0xb4][0xa8] [0xbf]8[0xb5]X[0xa9][0x16][0xb9]J[0xb5]@[0xe4];*T[0xde][0xf8]*PKD[0xc][0x7][0x4]+`6[0x11][0xd2][0x13]sS[0x15]L[0x15][0x8a]K[0x12][0x8b]p[0x5][0x4][0xbe][0xc]d[0x89][0x88]@[0xb7][0xd2][0xa2][0xbc][0xcc][0x92][0xd2][0xa2]T[0x85][0x90][0xfc][0x2][0xcc] [0x81][0xcb][0xa6]$[0x16]e*x[0xa5][0x16]$[0x16]%"l44An[0x8d][0xe0][0x89]O[0x13]P[0xd5]N[0xbd]v[0xf]^[0x9b][0x10][0xf1]L/[0xbf]!"[0x8b][\n]"
09:51:08.735 [main] DEBUG org.apache.http.wire --  << "[0xc9][0xc2][0x0][0x0][0x0][0x0][0xff][0xff]"
09:51:08.735 [main] DEBUG org.apache.http.wire --  << "[\r][\n]"
09:51:08.735 [main] DEBUG org.apache.http.wire --  << "4AD[\r][\n]"
09:51:08.735 [main] DEBUG org.apache.http.wire --  << "[0xc2]][0xf1][0x98][0x18] [0xe2]-[0xa0](1[0xb9]$391G!<??%5O[0xc1];/3-[0x15]#[0x2][0x1d]s2[0x13][0x8b][0x15][0xd2]J[0xd3][0x13][0x15]JK[0xf4][0x90]b[0xe][0x14]![0xf0]v$^;[0x11]9[0xd1][0xb3] #?/U[0xc1][0xd0]P[0xc1][0xcc]D!=[0x9][0xc3]2p[0xa6]'[0xaa][0xe1][0x8a][0xd7]BD.[0x83]YhDS[0xb][\r][0x11][0xd5][0x19][0xcc]B[0xda][0xfa][0xd0][0x10][0x91]D[0xe9]d![0xdd]R[0xa8][0xa1])[0xbc]j[0x82][0xe6][0x5]s[0x1a]%[0x13]CD[0xba][0xc]H[0xcc]I[0xf4][0xc9][0xf7][0x1][0x15]L8zRX[0xba]Q[0xc6][0xc6]HU[0x11][0x9e][0xc2][0xd2][0xc4][0x10][0xd1][0xda]#[0xb7],[0xc6][0x97][0xdc][\r][0x11][0xc9][0x9d][0x16][0xc6][0x1b]![0x12][0xb7]SQbrjN*f[0xff][0xcf]71%U!?M!#3=C[0xa1][0xb0]41'[0xb3][0xa4]R[0xa1] 5[0xb1]([0x7][0xb9][0xe7][0x9]2[0x89][0xa8][0x12][0xc3][0x8][0x91][0xbc]i[0xe2]#D[0xeb][0x8b]&[0xc6]#[0xf2][\n]"
09:51:08.735 [main] DEBUG org.apache.http.wire --  << "[0xdd][0x2][0xc]Q[0xac][0xd3][0xcd]JD>[0xa5][0xa6][0x95][0xf8][0xf2][0x91][0x11][0xa2][0xd7]HM+[0xf1][0xe5]-#D[0x19][0x1]-[0x8d]0[0x9b]R[0xd4][0xa9][0xb4][0x8c][0x10][0xb9][0x98]FMb[0x13]c[0xfa][0xe4]dX[0x83][0xd9][0x2][0xa9](wLNN-.[0x86][0x8c]2[0xa1][0x8f]V[0x95][0xe4]+[0xa4][0xe6]e$[0xe6]%[0xa7]*$[0x16][0x80][\n]"
09:51:08.735 [main] DEBUG org.apache.http.wire --  << "[\r][0x10][0x13][0xa5][0xdd]lb[0x8c]([0x10][0x8a]S[0xb]RS0[0xb][0xea][0xc4][0xcc]J[0x90] l[0x90][0xcb][0x94][0xc8][0x9e][0x90][0x89]1[0xa2],[0xa0]W[0x9a][0x2][0xd5][0x1b][0xd0][0x96],[0xb5]=C[0xff]b[0xc0][0x18]Q[0xc][0x4][0x83]cF[0xc1]'[0xb3][0xb8][0xa4][0x8][0xdc]gC[0xad]J[0xa1][0xd2]9[0x10]i[0x85][0xbc][0xf4][0xd4][0xa4]RPMBz[0x94]![0x8a][0x1][0xa8][0x99]P+[0x15][0x9c][0x12]s[0x12]1[0xbb] PE[0xa8][0x16]+$%[0xe6][0xa5][0x83]k2[0xa8][0xfd][0xa6][0xc4]'[0x19]D[0x99]@[0xb7]$[0x83]hA[0xd0][0xcd]JDyD/+M[0x10][0xe5]SPiqIf2[0xac]g[0xe2][0x94][0x88][0xd9][0xd7][0xe]-QH-*[0xca]/R(JM.-N[0xcc]KILU([0xc8]/.[0xce][0xcc]--V[0xc8][0xcd][0xcf][0x1][0x8d]X'[0xa6]*[0x14][0xa7][0xa6](d[0xe6][0x16][0xa4][0xa6]d[0x92][0xd7]yA[0xea][0xf4]#:L>[0x99]y[0xa9]y[\n]"
09:51:08.735 [main] DEBUG org.apache.http.wire --  << "N[0xf9]%%9X:L[0xa5]%[\n]"
09:51:08.735 [main] DEBUG org.apache.http.wire --  << "[0x5][0xa9]E[0xc5][0x5][0x99][0xc9][0x99][0x89]%[0x99][0xc5][\n]"
09:51:08.735 [main] DEBUG org.apache.http.wire --  << ")[0xf9]9[0xf9]E[0xa9][\n]"
09:51:08.735 [main] DEBUG org.apache.http.wire --  << ")[0x99][0xc9]%[0x89][\n]"
09:51:08.735 [main] DEBUG org.apache.http.wire --  << "[0x5][0xf9]EE[0xf9][\n]"
09:51:08.735 [main] DEBUG org.apache.http.wire --  << "[0x99][0x5][0xc5][0xa5][0xb9][\n]"
09:51:08.735 [main] DEBUG org.apache.http.wire --  << "[0xa9][0x89]d[0xf5][0xa7]L[0xe8]_d[0x99] [0x9a]4[0xc1]9[0xa9][0xa9][0xd9][\n]"
09:51:08.735 [main] DEBUG org.apache.http.wire --  << "[0x90][0x10]p[0xcf][0xc9]/K[0x5][0xb5][0xf0]Ps[0xba]ZZfrff[0xb1]Br~^qjaibIi[0x91]Bb^fn&<b[0x8a][0x15][0xca][0xf2]sJ[0xb]J[0x12]KR[0x15]RRsR[0xf3]2K2[0xc9][0xb][0xc][0xfa][0x17]y&[0x88]"[0xcf]=[0xbf](=5[0xbf][0xb4]X![0xa8]4))[0xb5]H[0xc1][0x19]<[0x9a][0x82][0x16][0x1a])[0x99]%[0x90]4P[0x9a][0xab][0x90][0x8]J[0x1c][0xe0]$[0x90][0x93][0x98][0x94]_[0x94][0x99]_[0x9c][0x98][0xab]PX[0x9a][0xa9][0x90][0x98][0x93]YX[0x9a][0x99][0xa2]PLn:E[0x14][0x8a][0x88]t[0xea]^[0x94][0x98][0x97]Y[0x92][0xaa][0xe0][0x9c][0x9f][0x8]*iQ[0xdd][0xe5]Z[0x2][0xea][0xd5]g&[0x96]([0xe4][0xe7][0xe6]e[0x16]+[0xe4]f[0xe6]e[0xe6]&*[0xe4][0x95][0xe6][0x16][0x96]&[0xe6]*[0x14][0x97][0x16]'g[0x16][0x90][0xeb][0x1a]D[0x11][0x19]\[0x99][0x97]Z[0x94][0x9e][0x9][0xcb][0xce]9[\n]"
09:51:08.735 [main] DEBUG org.apache.http.wire --  << "[0xc1][0x19][0x99]EX][0x93]Z\[0x2]O[0x15][0x99]I[0xa5][0xc5][\n]"
09:51:08.735 [main] DEBUG org.apache.http.wire --  << "[0x5]9[0x89][0xc9][0xa9][0x89]%[\n]"
09:51:08.735 [main] DEBUG org.apache.http.wire --  << "[0xa9][0xe4]e]P[0x81][0xe][0xad]g[0x15]h[0xd4][0x85]4EdE[0xb2][0x9a][0x87][0xc4][0xb6]RL[0x91][0xf2][0x1f][0xe5][0x93]~[0xf8][0x1a][0xbc][0xa6][0xf4][0xcf]O[0xa6][0x88][0xfc]D[0xaf][0x9a][0xc6][0x14][0x91][[0xe8]f%"K[0xd0][0xcd]JD[0xab][0x81][0xac][0xd4][0x89]:U[0x8c]7[0xd5] [0x1a][0xb]4[0xb6][0xc9][0xc][0xd1]F[0x80][0xda][0x84]9[0xb2][0x8f][0xaf]C[0x86]:[0xd6][0x8f][0xee]'X[0xd7][0x85][\n]"
09:51:08.735 [main] DEBUG org.apache.http.wire --  << "c[0xfd]&f[0x88]>[0xb][0xd4][0xa5][0xb4][0xea]:[0x9a]QX[\n]"
09:51:08.735 [main] DEBUG org.apache.http.wire --  << "[0x11][0x1f][0xcf]ft+[0x87][0xa8][0xbb][0xcc][0x1]=[0x9e][0x91][0xe6]dL[0xcc][0x10][0xc5][0xf][0xad][0xe3][0x9]Q[0xea]@m[0x1a][0xb4]i[0x17]QX[0xe1]t)b*[0x0]_-F[0xd5][0x1c][0x85]Q[0x9e]Q[0x12]~4[0x9c][0xe7]31[0xc3]([0xf]1]J[0xff][0xf0]CZT[0x3][0x8d]UZ[0x95]H[0xe6][0x88][0xb2][0xcf]/[0xb1]8S[0xc1]%[0xb1]4O[0xc1]+[0xb5][0xa8][0x14]4[0x95][0x8b][0xda][0xc][0x5][0xcb][0x97][0xa7][0xe6]%fg+[0x94][0xa4][0xe6]%[0xe6])[0xe4][0x96][0x16][0xe5][0xa6]"[0xcd]J[0x1a]Z[0xa2][0xae][0xeb]A[0xcf][0xcc][0xb0]$fa[0x89]H[0xb5][0xc9][0xf9]y%[0xf9][0x19][0xba][0xc9][0x88][0xb5]M[0xe8][0xa3]Nn[0x89][0xc5][0x19][0x99][0xf9]y[0x89]I9[0xa9][0xa8]cM[0xe6][0x88][0xd2][0x14][0xec]6[0x84][0xdb][0x15][0x12]+[0x13]s[0x15][0xd2][0xf3][0x8b]R[0xb1][0xcc][0xfd][0x82][0xd5]R[0xc9][0x1f][0x88]tN[0xd8][0x1f][0x98]*[0x90]g[0x9c]M[0xcc][0xe9]Vb[0x9b][0xd3][0xad][0x1c]EZ[0xbd]C[0xeb]t[0x8c][0x91][0x8f]i[0x95]c[0x90]V[0xa4][0xd0][0xd8]O[0x16][0x88][0x14][0x11][0xe1][0x94]_[0xa1]0[0x18]J&[0xb]D[0xaf][0x3][0x87][0x9b][0x10]K+[0x10][0xe5]&[0xfd][0xda]r[0x16][0x88][0x1c]98[0xdd][0x87][0x92]N[0x1][0x0][0x0][0x0][0xff][0xff]"
09:51:08.735 [main] DEBUG org.apache.http.wire --  << "[\r][\n]"
09:51:08.736 [main] DEBUG org.apache.http.wire --  << "545[\r][\n]"
09:51:08.736 [main] DEBUG org.apache.http.wire --  << "[0xa2]tQ(z[0x1][0x8b][0xdc]Z[0xb2]D[0x94][0xec]8Bb [0xe2][0xc7][0x12]Qf[0xf]&W!r[0x1a][0xad]c[0x5]9[0xff]`[[0xec]4[0xb0][0xd9][0xc7][0x12][0xd1][0xf0]%m-[0x16]zJ[0x84]U[0xf5][0xd4][0xe8][0x9f]Y"[0xe7][0xe9]A[0x17]f[0xa6][0xa0][0xe5]5[0xd0][0xd1]+[0xd2][0xc2][0x8c][0x86][0xed]ZS[0x3]D[0xee][0xa7]m[0x8a]65@[0xe4][0x1d][0xec][0xde][0x1f][0xd0][0x14]mj[0x80]h[0xec]`w[0xde][0x0][0x94][0x82][0xa6][0x6][0x88]lF[0xeb][0xd8][0xa1]<[0xef][0xd0]2[0x99]"[0xad][0xc7][0x1a]<[0xb1][0x83][0xb4]f[0xb][0xbb][0xa3][0x6]6E[0x1b][0x12][0xca]p[0x3][0x91][0xa2][\r][0x11][0xf5][0x1a][0x8d]S4[0xd2]Z[0x5]Z[0xdb]D[0xb7]\[0x8a][0xb4][0xc0][0x8d][0xd6]~B[0x94][0x7]4[0xb6][0x9][0xb4][0x86][0xc]Z-[0xd2][0xda]&D[0x9b][0x92][0xd6]6[0xd1]-[0x95][0x1b]![0xaa]-Z[0xfb][0x89]n[0xa9][0x9c]nK[0xb4]L[0x8d][0xe8][0x97][0xca][0xe9][0xd5][0x9f]3EZ[0x13]F[0xe3][0x14][0x81][0xb4][0x86][0x8b][0xd6]6!r[0xee]`[0xac]i[0x8d][0x11][0xd9][0x1d][0xbb][0xf3][0x6][0xa2][0xa6]E^[0xc7]E[0xd3][0x11][0x4]Sc[0xba][0x95][0xc][0xc6][0x88][0xf1]`[0x8f][0x0][0x5]g[0xd0]"[0x9c]L,[arR[0xb]J[0xf2][0xb][0x14]0[0xf6][0x1a]Y[0x82][0x0][0xd2][0x12]o[0xf4][0xce]([0xd2][0xb0][0x88][0xa9]1[0xdd][0x8a][0x6][0xa4]ER4[0xdb][0xba][0x89][0xee]Sx[0xb7][0x1b][0xa9][0xdb][0x3][0xdf][0x1a][0x83][0xb1][0xb4]"[0x8d][0xc0].([0xe4][0xce];[0xd5][0xbc]@[0xd4][0x1c][0x14][0x95][0x9c][0x8f](^[0x8]9[0x1f][0x91][0x93]A[0xbb]#[0xf1][0xa4]%j[0x87]0[0xa2]1O[0xc8][0x89]d[0xef][0xaf]DO$[0xc8][0xd9][0xc1][0x4]Q[0xc4]Q[0xd5]~<![0x88]b=[0xa2][0x88][0xa1][0xaa][0xf5][0xf4]Ld[0x88][0x2][0x85]f^[0xc0][0xd9][0x5][0xa7]R>A4bh[0xe6][0x5][0xf4]DH[0xe5]|[0x84][0xb4][0x84]l[0xc8]z[0x1]1dG3/[0xa0][0x9f][0xb4]@[0xed]X [0xbe][0xc0][0xa5]ZiFm/[0xc]@[0x81]Lm/[0xd0][0xa8]L[0xa7]c[0xa1][0x8a][0xb4][0xd2][0x90]fy[0x81][0xd6]%[0x12][0xa2]j[0x83][0xf5][0xa2]LMi4)mj[0x8a]h@Sw[0xa7][0x8a][0xa9])[0xa2]z[0xf3][0xcc]+I[0xcd][0xc9][0xc9]LO[0xcd]+Q[0x8].IM[0x5][0xad][0x10][0xce][0xc7][0xb2][0xaa][0xdc]3[0x5][0xb4][0xb3][0xb0]8S!/[0xb1][0xa4][0xb4][0x18][0xb4]h[0x1a]D$[0x16][0x93][0xb5]n[0xdc][0xd4][0x14]Q9[0xc1][0xc2][0x11][0xa3]![0x8b]o[0x1d]![0xd1]k[0xe6]L1W,[0xd2]*[0xba][0xe8][0xb6][0xe2][0xd0][0x94]n+[0xe]M[0xe9][0xb6][0xe][0x10]|[0xb2][0x4]}F[0x16][0xcd][0x10][0x89][0xdf]5/[0xbf]([0x17][0xb4][0x81]  '[0x11][0xbc]D[0xde]9#1[0x13][0xb4][0xf6][0x9]u[0x91]T[0x18]d[0xb3][0x4][0xe8][0x8c][0xa5][0x92]T[0x85][0xbc][0xfc]<[0xd0])Ke[0x99])[0xa0]<[0x93]ZL[0xd6][0xf2]xS[0xa4]5j.[0xa5]E[0xa0]uP[0xa0][0xed]69[\n]"
09:51:08.736 [main] DEBUG org.apache.http.wire --  << "[0xd8]][0x10][0xc][0xdd][0xe][0xa0]PX[0x9a][0xaf][0x80][0xb4]w!3[0x8f][0x9c]m[0x1b][0xa6]t[[0x8a]f[0x8a][0xb4][0x14][0x8d][0xc6][0x19][0x9d]nK[0xad]L[0xe9][0xb6][0xd4][0xca][0x94]nK[0xad]L[0xcd][0xe9]V #[0x1d]>[0x14][0x10]l[0x82]Y[0xea][0x17][0x9b]($%[0x16][0x95]"[0xfa][0xee][0xc6][0xf8][0xd7][0x1f]"[0xf7]<[0xe9][0xb6][0x8c][0xcb][0xd4][0x2][0xd1]([0xa6]q[0xba]FZ0Fk[0x9b][0x10]MLZ[0xdb]D[0xb7][0x89][0x10][0xb][0xcc][0x6][0x1b]f[0x92]#[0xfa][0xbc]>[0xf4][0xd6]%J[0xda]C[0xb4][0xd6]h[0x1d]z[0x88][\n]"
09:51:08.736 [main] DEBUG org.apache.http.wire --  << "[0x8c][0xd6]6[0xd1][0xad]T[0xb0][0xc4][0xd8]XB[0xab]f[0x1a][0xd2][0x12]:[0x1a][0x87][0x1e][0xd2][0xb2]8Z[0xdb][0x84][0xe8][0xdf][0xd2][0xda]&D[0x19]A[0xf5][0xd2][0xdb][0x92]n[0xa5][0x2][0xd2][0x8a]8Z[0x87][0x17][0xbd][0xf2][0xaa][0x19][0xd2][0xe2]0[0xd7][0xa2][0xf4][0xfc][0xbc][0xfc][0xdc][0xcc]d[0x5][0xc7][0x9c][0xd2][0xdc][0xcc][0xbc][0xd2]\[0xac][c[0x1d]KK[0x14][0x92]R[0x13]K[0x12]S[0xe1][0x1b]?Ss[0x15]r[0x13]+2sS[0x15][0xf2]Rs[0xf3][0x15]2srJsA[0x9b]b[0xc1]}?r[0x9a][0x9a]f[0x6][0xf4]*[0x16][0xcd][0xc][0xe8]UX[0x99][\r][0xee][0xb5]Df[0x83]q-[0x91][0x19][0xfd][0xd6][0x12]![0xed]C[0xa1]u[0xe6][0xa6][[0x8a]3[0xa0]Ws[0xd3][0xc][0xe9][0x88]:[0xda][0x86][0x9e][0x19][0xd2]4[0x7][0x8d]m2[0xa4]W#[0xd0][0xc][0xe9][0xac]1[0xec][0x8b][0xb][0x6]t[0x95][0xa1][0x19][0xd2][0xf2]-[0xec][0xce]C[0xf4][0xba][0xe8][0xb6][0xbb][0xc3][0xc][0xe9][0xb8]1[0x1a][0xa7][0x3]#D3) [0xd8][0xd0][0x80][0x82][0x8e][0x0][0xfa]9Y[0xf0][0xc1]~[0xa4][0xaa][0x1]r[0x14])[0x86]%[0x84][0xe6][0xe7][0xcd][0x8c][0x10]M,Z[0x87][0x7]"_dg[0x16]$[0x16]+$[0xe6][0xa5]g[0xe6]a[0xb8]875/=5[0xa7]4[0xb1](;1[0xf][0xa2]D[0xa1]81/=[0xb1]D!;5/9[0x11][0xbc][0x1b][0xf]z[0x8c][0x8f]!h[0xdd]<[0xce]C[0xe6][0xe0][0xa1][0x84]t[0xac][0xb][0x99]g[0xb9][0x9a]![0xad];[0x83][0x1f][0x3][0xe2]T[0x94][0x9f]W[0x95][0x8a]c[0x8][\r]r[0x92]fQjAjNNj^Ji[0xb1]Bb2[0xe8][0xe8][0x1a][0xd0][0x81]5[0x85][0xa5]d[\r]c[0x9b]!-I[0xf3]MM[0xc9][0xcc]O.J[0x5][0x8d][0xe2][0x81][0x8e][0xf3][0xc4]q8[0x8b]#[0xd8][0xce][0xbc][0x92]L[0xd0][0x1]4%[\n]"
09:51:08.736 [main] DEBUG org.apache.http.wire --  << "[0xf9][0xe0][0xb3]Z[0x12][0x15][0xca]Rs2K[0x14][0xf2][0xf2][0x93]2[0x8b][0xc9]je![0x1d]_6[0xe4]b[0x12]i[\r][0xdc][0xd0]s;bzw[0xe8][0xb9][0x1d][0xd1][0xa6][0x18]znG[0x94][0xe4]4.#[0x91][0x96][0xb]z[0xe6]%[0x17][0xa5][0xa6]d&[0xe5][0xa4]*[0xc0]J[0x9a][0x9c][0xfc]d[0xcc]=[0xd5][0xae][0x89][0xf0][0xe3]{[0x14]R[0xf3]2![0x1d][0xa8]bP[0xfe]N-N[0xce],[0xcd]+QH)M[0x6][0x1f][0x94][0x5]9[0x9b]*[0x97][0xac],O[0xb7]%[0x83]fH[0xb][0xf9]h[0x1d][0xd8]tkP#[0x1f][0xa9]E[0xd3][0x5][0x97]f&[0xf4][0x1a][0xd5]03[0xa1]qu[0x8e][0xb3][0xd1]C[0x85][0xea][0xdc][0x84][0xf2]a[0x2]"[0x8f]273[0xa1][0xdb][0x90][0xc][0xd2][0xfa]%[0x1a]g[0x1c]SD=Dk[0x9b][0xe8]V[0xf2]"-[0x17][0xa1][0xb5][0x9f](O|[0xc4]-[0x8d]4[0xa3][0xdb][0xba][0x7]3[0xba][0xad]F0[0xa3][0xdb][0xa9]Dft;+[0xc8][0xc]t[0xcf][0x5][0xb9][0xab][0x11][0x0][0x0][0x0][0x0][0xff][0xff]"
09:51:08.736 [main] DEBUG org.apache.http.wire --  << "[\r][\n]"
09:51:08.736 [main] DEBUG org.apache.http.wire --  << "553[\r][\n]"
09:51:08.737 [main] DEBUG org.apache.http.wire --  << "[0xc2][0xbc][0xe6][0x9][0xcf][0xb4][0x91][0x19][0xd2]:[0x0][0x1a][0xa7]r[0xba]M[0xc5][0x9b]!M[0xc5]{[0x14]([0x84]e[0x96][0xe5]+D[0x1a][0x19]a[0xe9]W[0xe6]f[0xe6]dfg*[0x14][0x17][0xa4][0x16]g[0xa6]ef[0x83][0xce][0xaa][0xa9]L[0xcc]KWH,[0x0][0x9f]`[0xb][\r]L[0xd0][0x4]0[0xea][0x1c]0zM[0x84]4[0xf]gfNJ[0xf7][0x19][0xcb][0xb9][0xf2]xr25[0xfb][0xaf]H[0x8b][0x8][0x2] [0xd7]z)8[0x96][0xe6]d&*[0x18]c[0x84]Sf^&h[0xc1][0x9][0xe8][0xea]/[0x85]D[0xb8][0x1a]h[0xe0][0xe0][[0xbf][0x87][0x12],[0x88][0xc6][0x1][0xad][0xd3][0x19][0xa2]~[0xc5]>[0xc8]4[0xb0]c`H[0xeb][0xf][0xb0];[0xf][0xd7][0x18][0x18][0xce][0xf5][0xda]Th[0xfe] -\[0xc0][0xee][0xa8][0x1][0xe]3D[0xa5][0x8f][0xdd]y[0xb8][0xc2][0xc][0xbd][0xe4][0xa3]f[0xe]B:[0xb5][0x6][0x9c][0x83][0xb2][0x15][0xdc]3Ss0rO[0x8][0xe8]([0xe2][0xbc]t[0xd0][0x85]x[0xd9]E[0x99][0x5][0xc5][0x99][0x8][0xb7][0x12][0xbf][0xc3][0xc8][0xcc][0x2][0xd1][0x8a]G[0xb2]L!;U[0x17][0xb3]\[0xa3][0x92][0x8d][0x88][0xc][0x8b]f#f[0x9]A%[0x1b][0x11][0xcd] [0xf8][0xf6]"[0x9a][0xde]*d[0x86]t![0x13][0xd8][0x8f][0xc9]%[0xb4]-[0x4][0x91]V[0x19][0xd0][0xc9][0x87]t[[0x3]`fIJ[0xbd]G[0xf0]fJ[0xf4][0x8c][0x8b]\[0x95][0xd0]m[0xf6][0xdc][0xc][0xe9][0x90][0x18][0xda]VZ[0xe6][0xa0]qk[0xba]4[0xf8][0xcc][0x91][0x8e]V[0xa1][0xb5][0x9f][0x10]%[0x8][0xad]mBT[0xf9]4[0xb6][0x9][0xe9]l[0x11]Z[0xdb][0x84][0x18][0x1e][0xf5][0xc][0xf0][0xf0][0xf7]sU04U[0x8][0x8][0xf2][0xc7][0xa8]`<\[0xfd][0xdc][0x3][0xfc][0xfd][0x10][0xd5][0x8a][0x9][0xa8][0xdf][0x8f]s[0x12][0x4])'[0x99]#[0xcd][0xd4][0xd3][0xda]7[0x88][0xfa][0x8b]v[0xbe][0xa1][zC[0x9a]f[0xa5]q[0xb8]![0xcd][0x98][0xd2][0xda]&Dz[0xa3][0xb5]M[0xf4][0xaa])[0xcc][0x91]&[0xe9][0xdc][0x12][0xf3]J k[0xec]}[0x13][0x8b]@C[0xe8]>[0x89][0xb9][0x98][0x97][0x85][0xb8][0x96](dd&[0x83][0xd6][0x1d][0xe5]#[\r][0x8a][0x83][0xc6]2[0x88][0xca]OH[0xf3]qI[0x89][0xc5][0xa9])Ei[0x99][0x15][0x18][0xf9][0x15],[0x93][0x9a][0x96]X[0x9a]S[0x92][0x2]Z[0xeb][0xf][0xed]H[0x99]Y[0x82][0xba][0xe2][0xc4]YC[0xaf]ajs[0xa4][0xfb]qh[0xd3][0x93][0xc6]S[0xcf][0x9b]#[0xdd][0x94]C[0xe3][0x14]I[0xb7]C[0x9][0xcc][0xe9]6[0x97]aN[0xb7]3[0x9][0xcc][0x91][0xfa][0x9f]4[0x8e]'[0xa4][0x8d][0xe5][0xb4][0xb6][0x9][0xd1][0x17][0xa1][0xb5]M[0x88][0xcc]L[0xb3][0x9a][0x11][0xd4] [0x80][0xb6].[0xe9][0x9f][0x8d][0x91][0xe6][0x6][0x6][0xc0]r[0xba][0xd5]jHWg[0xd0]8[0xc5] ]_1[0x0][0x1][0x8a][0xc8][0x18][0x3]`9[0xa2][0x9d]?[0x0][0x96]#2*[0xfd]-G[0xda]F:[0x0][0x96]#f[0xf7][0x6][0xc0]rD[0xe][0xa6][0xc7][0x18][0x8d]9[0xdd][0xa6][0x93][0xcc][0xe9][0xb6][0xb9][0xd5][0x1c]i:[0x9][0xfb][0xf8][0xe9][0x80][0xe][0xef][0x9a][0x83][0x1a][0xbe][0xd0][0xea][0x9][0xbb][0xf3][0x90][0xfa][0xb6]([0x97][0xb5][0xa3][0xb7][0x1e][0xa9]8[0xbc]kN[0xb7]=[0xaa][0xe6]H[0x13]c[0xd8][0xbd]?[0xb0][0xb1][0x83]4[0x9b][0x86][0xdd]y[0x3][0x12];[0x88]>[0xe4] r[0x14]b[0x0][0x2][0xbb][0xa3][0x6]8"[0x11][0xb5]'v[0xe7][\r]HD"j[0xd5][0xc1][0xe3][0xa8][0xc1]=[0x1d]f[0x8e][0xb4]%w[0x10][0x85][0x19]"G[0xba][0x94]f[0x97]b.[0xe3]F[0xa4].3[0xd4][0xd9]t[0xf4]R[0x1c]y[0x84][0x12]i[0xff],v[0xaf][0xe]l[0x96]B[0xb9][0x19][0x2][0xdb])[0xf2][0x8]O[0xd3]mC[0x83]9[0xd2][0xac][0xd6]`[0xc]3[0xa4][\r][0xb0][0xd8][0x9d]7[0x10]afIh[0x86]y`[0xd3][0x19][0xd2][0xd6][0xd4]A[0x14]f[0x83][0xbb][0xba]C[0x9a][0xbc][0x1b]DaF[0xa8][0xba][0x1b][0xd0]tf[0x81][0xb4][0x89]w[0xd0][0x84][0x99][0x5][0xd2][0xe6][0xc3][0xa1][0xb6]Q[0xc0][0x2]i[0xb6]u[0xe8][0xb9][0x1d]Q[0xa3]cO[0xc][0x3][0x9c]V[0x9][0x15]?[0x3]P[0x8f]X[0xd0]m[0xbb][0xb9][0x5][0xd2]vs[0xba][0xf][0xca]X M[0x83][0xf][0xc6][0xa4]a[0x88][0x18]3[0xc2][0xee][0xbc][0x81]H[0x1a]H[0x93][0xed]C[0xae](@[0xda]=[0x8f]=@[0x7][0xb6](@[0xda]`[0x8d][0xdd]y[0x3][0x12][0xdf][0x88][0x91]r[0xda]N[0x8]X -G[0x18]z)[0xb][0xd1] [0x2][0x87][0x92]cQfzb~[0x9][0xe8][0xfc]-[0xd4]C[0xf0][0xa8]r[0x1c][0xa3][0x5][0xd2]z[0x8a]![0x17]TH[0x1b][0xd5][0xe9][0xb3]z[0xd0][0x2]i[0xc3]:8r[0x2][0x82]it*[0x92][0x5][0xd2][0xa6]sz[0xf9][\r][0xd1]|[0xa0][0xb5][0xdf][0xe8]V[0x10] m[0xc3][0xa6][0xb1][0x9f][0x90]6M[0xd3][0xda]&[0xc4][0xe4][0xd3][0x90][0xcb][0xb1][0xc6]h[0x85][0x1b][0xed][0xf2][0xf][0xd2][0xde]K[0x9c][0xf1][0x81][0xa8][0x4][0x89]>[0xbe][0xd6][0x2]i_[0xa4][0x2][0xc6]J&[0xea][0x14][0xc9]&t[0xb]$[0xa4]e[0x10]C.)![0xad][0xa2][0xc0][0x19][0xc1][0xd4][0x89][0xf]SD[0xe3][0x99][0xd6]6![0x6][0xdd]hm[0x13][0xa2]+Kk[0x9b][0x10][0xb]]im[0x13][0xdd]*0[0xa4][0x83][0xc0]i[0xed]'DY0[0xe4]r([0xd2][0x12][0x8d][0xa1][0xe7][0xf6]!\[0xc9]"[0x9d]F>[0xf4][0xc2][0x1d]Q[0x2][0xe]=[0xb7]#[0xca][0x9f][0xcc][0xbc][0x94][0xfc][0xdc][0xcc]T[0x8c][0x6]Bbv[0xa9]Bqiv[0xa2][0x2]B[0x1]t[0xb5][0xb3][0x11][0xd1]S[0x80][0x16]H[0x8b]W[0xa0][0xa5][0xf][0xe6][0x9d][0xf5][0xf8]j>[0xba]M[0xbc]Y [0x9d][0xec][0x8e][0xd3][0xa5][0x88]F[0x18][0xbe][0x9d][0xb3]T\[0xc8]ba[0x8e]^[0x9f][0x17][0x9b][0x16]c[0xc4][0x14]<[0x0][0xd1]w$[0x9b][0x99][0x99][0xe1][0xd9][0x91][0x8c]4Uk[0x81]4U[0x8b][0x88]n[0xd4]><U[0xd2][0x83][0x5][0xa2];E[{[0x10][0x
[...]
09:51:09.377 [main] DEBUG org.apache.http.headers -- >> User-Agent: Apache-HttpClient/4.5.13 (Java/20)
09:51:09.377 [main] DEBUG org.apache.http.headers -- >> Accept-Encoding: gzip,deflate
09:51:09.416 [main] DEBUG org.apache.http.wire --  << "HTTP/1.1 200 OK[\r][\n]"
09:51:09.416 [main] DEBUG org.apache.http.wire --  << "content-type: application/json[\r][\n]"
09:51:09.416 [main] DEBUG org.apache.http.wire --  << "date: Mon, 08 May 2023 02:51:09 GMT[\r][\n]"
09:51:09.416 [main] DEBUG org.apache.http.wire --  << "content-encoding: gzip[\r][\n]"
09:51:09.416 [main] DEBUG org.apache.http.wire --  << "transfer-encoding: chunked[\r][\n]"
09:51:09.417 [main] DEBUG org.apache.http.wire --  << "server: Fly/3f2597ca (2023-05-03)[\r][\n]"
09:51:09.417 [main] DEBUG org.apache.http.wire --  << "via: 1.1 fly.io[\r][\n]"
09:51:09.417 [main] DEBUG org.apache.http.wire --  << "fly-request-id: 01GZWMA7HTS6J5SGQNVPK9CRBR-sin[\r][\n]"
09:51:09.417 [main] DEBUG org.apache.http.wire --  << "[\r][\n]"
09:51:09.417 [main] DEBUG org.apache.http.impl.conn.DefaultClientConnection -- Receiving response: HTTP/1.1 200 OK
09:51:09.417 [main] DEBUG org.apache.http.headers -- << HTTP/1.1 200 OK
09:51:09.417 [main] DEBUG org.apache.http.headers -- << content-type: application/json
09:51:09.417 [main] DEBUG org.apache.http.headers -- << date: Mon, 08 May 2023 02:51:09 GMT
09:51:09.417 [main] DEBUG org.apache.http.headers -- << content-encoding: gzip
09:51:09.417 [main] DEBUG org.apache.http.headers -- << transfer-encoding: chunked
09:51:09.417 [main] DEBUG org.apache.http.headers -- << server: Fly/3f2597ca (2023-05-03)
09:51:09.417 [main] DEBUG org.apache.http.headers -- << via: 1.1 fly.io
09:51:09.417 [main] DEBUG org.apache.http.headers -- << fly-request-id: 01GZWMA7HTS6J5SGQNVPK9CRBR-sin
09:51:09.417 [main] DEBUG org.apache.http.impl.client.DefaultHttpClient -- Connection can be kept alive indefinitely
09:51:09.417 [main] DEBUG io.restassured.internal.RestAssuredHttpBuilder -- Parsing response as: application/json
09:51:09.417 [main] DEBUG org.apache.http.wire --  << "22[\r][\n]"
09:51:09.417 [main] DEBUG org.apache.http.wire --  << "[0x1f][0x8b][0x8][0x0][0x0][0x0][0x0][0x0][0x4][0xff][0xab]VJI,IT[0xb2][0xca]+[0xcd][0xc9][0xa9][0xe5][0x2][0x0][0xa3][0xab][0x8f]W[0xe][0x0][0x0][0x0]"
09:51:09.418 [main] DEBUG org.apache.http.wire --  << "[\r][\n]"
09:51:09.418 [main] DEBUG org.apache.http.wire --  << "0[\r][\n]"
09:51:09.418 [main] DEBUG org.apache.http.wire --  << "[\r][\n]"
09:51:09.418 [main] DEBUG io.restassured.internal.RestAssuredHttpBuilder -- Parsed data to instance of: class org.apache.http.conn.EofSensorInputStream
09:51:09.422 [main] DEBUG org.apache.http.impl.conn.BasicClientConnectionManager -- Releasing connection org.apache.http.impl.conn.ManagedClientConnectionImpl@4a9412c4
09:51:09.422 [main] DEBUG org.apache.http.impl.conn.BasicClientConnectionManager -- Connection can be kept alive indefinitely
09:51:09.423 [main] DEBUG net.thucydides.core.steps.StepInterceptor -- STEP DONE: sendRequestDelProd
  &amp#27;[32mWhen &amp#27;[0m&amp#27;[32mi send request for delete product&amp#27;[0m            &amp#27;[90m# starter.stepdefinitions.UserSteps.userSendRequestForDeleteProduct()&amp#27;[0m
  &amp#27;[32mThen &amp#27;[0m&amp#27;[32mI get status code 200&amp#27;[0m                        &amp#27;[90m# starter.stepdefinitions.UserSteps.get200ProductPost()&amp#27;[0m
09:51:09.438 [main] DEBUG net.thucydides.core.steps.StepInterceptor -- STARTING STEP: UserSteps.userReceiveValidDataForDeletingProduct - validateDeleting
09:51:09.444 [main] DEBUG net.thucydides.core.steps.StepInterceptor -- STEP DONE: validateDeleting
  &amp#27;[32mAnd &amp#27;[0m&amp#27;[32mI receive valid data for deleting product&amp#27;[0m     &amp#27;[90m# starter.stepdefinitions.UserSteps.userReceiveValidDataForDeletingProduct()&amp#27;[0m
09:51:09.449 [main] INFO  -- 
  _____   ___   ___   _____     ___     _     ___   ___   ___   ___  
 |_   _| | __| / __| |_   _|   | _ \   /_\   / __| / __| | __| |   \ 
   | |   | _|  \__ \   | |     |  _/  / _ \  \__ \ \__ \ | _|  | |) |
   |_|   |___| |___/   |_|     |_|   /_/ \_\ |___/ |___/ |___| |___/ 

DELETE PRODUCT I want to delete a product
----------------------------------------------------------------------
]]></system-out>
  </testcase>
  <testcase name="GET  want to see product comments" classname="Product Data" time="0.902">
    <system-out><![CDATA[
Scenario: GET  want to see product comments    &amp#27;[90m# src/test/resources/features/Product.feature:24&amp#27;[0m
09:51:09.465 [main] DEBUG io.cucumber.core.plugin.SerenityReporter -- Running feature from file:///D:/Intelij/RESTfulAPI%20AltaShop%20Elisa/src/test/resources/features/Product.feature
09:51:09.471 [main] INFO  -- 
  _____   ___   ___   _____     ___   _____     _     ___   _____   ___   ___  
 |_   _| | __| / __| |_   _|   / __| |_   _|   /_\   | _ \ |_   _| | __| |   \ 
   | |   | _|  \__ \   | |     \__ \   | |    / _ \  |   /   | |   | _|  | |) |
   |_|   |___| |___/   |_|     |___/   |_|   /_/ \_\ |_|_\   |_|   |___| |___/ 

GET  want to see product comments(product-data;get--want-to-see-product-comments)
--------------------------------------------------------------------------------
09:51:09.520 [main] DEBUG net.thucydides.core.steps.StepInterceptor -- STARTING STEP: UserSteps.userSetEndpointForProductComments - endpointCommentProd
09:51:09.520 [main] DEBUG net.thucydides.core.steps.StepInterceptor -- STEP DONE: endpointCommentProd
  &amp#27;[32mGiven &amp#27;[0m&amp#27;[32mI set the endpoint for product comment&amp#27;[0m &amp#27;[90m# starter.stepdefinitions.UserSteps.userSetEndpointForProductComments()&amp#27;[0m
09:51:09.531 [main] DEBUG net.thucydides.core.steps.StepInterceptor -- STARTING STEP: UserSteps.userSendRequestForProductComments - requestComment
09:51:09.535 [main] DEBUG net.thucydides.core.steps.StepInterceptor -- STARTING STEP: Product.requestComment - endpointCommentProd
09:51:09.535 [main] DEBUG net.thucydides.core.steps.StepInterceptor -- STEP DONE: endpointCommentProd
09:51:09.585 [main] DEBUG org.apache.http.impl.conn.BasicClientConnectionManager -- Get connection for route {s}->https://altashop-api.fly.dev:443
09:51:09.585 [main] DEBUG org.apache.http.impl.conn.DefaultClientConnectionOperator -- Connecting to altashop-api.fly.dev:443
09:51:10.259 [main] DEBUG org.apache.http.client.protocol.RequestAddCookies -- CookieSpec selected: ignoreCookies
09:51:10.259 [main] DEBUG org.apache.http.client.protocol.RequestAuthCache -- Auth cache not set in the context
09:51:10.259 [main] DEBUG org.apache.http.client.protocol.RequestProxyAuthentication -- Proxy auth state: UNCHALLENGED
09:51:10.259 [main] DEBUG org.apache.http.impl.client.DefaultHttpClient -- Attempt 1 to execute request
09:51:10.260 [main] DEBUG org.apache.http.impl.conn.DefaultClientConnection -- Sending request: GET /api/products/2/comments HTTP/1.1
09:51:10.260 [main] DEBUG org.apache.http.wire --  >> "GET /api/products/2/comments HTTP/1.1[\r][\n]"
09:51:10.260 [main] DEBUG org.apache.http.wire --  >> "Authorization: Bearer eyJhbGciOiJIUzI1NiIsInR5cCI6IkpXVCJ9.eyJGdWxsbmFtZSI6IkZpcnN0bmFtZSBMYXN0bmFtZSIsIkVtYWlsIjoic29tZW9uZUBtYWlsLmNvbSJ9.bGpZNDg6YHtKlTFw7_yuyn3SAICmfvdIV1yX7mIKrTw[\r][\n]"
09:51:10.260 [main] DEBUG org.apache.http.wire --  >> "Accept: */*[\r][\n]"
09:51:10.260 [main] DEBUG org.apache.http.wire --  >> "Host: altashop-api.fly.dev[\r][\n]"
09:51:10.260 [main] DEBUG org.apache.http.wire --  >> "Connection: Keep-Alive[\r][\n]"
09:51:10.260 [main] DEBUG org.apache.http.wire --  >> "User-Agent: Apache-HttpClient/4.5.13 (Java/20)[\r][\n]"
09:51:10.260 [main] DEBUG org.apache.http.wire --  >> "Accept-Encoding: gzip,deflate[\r][\n]"
09:51:10.260 [main] DEBUG org.apache.http.wire --  >> "[\r][\n]"
09:51:10.260 [main] DEBUG org.apache.http.headers -- >> GET /api/products/2/comments HTTP/1.1
09:51:10.260 [main] DEBUG org.apache.http.headers -- >> Authorization: Bearer eyJhbGciOiJIUzI1NiIsInR5cCI6IkpXVCJ9.eyJGdWxsbmFtZSI6IkZpcnN0bmFtZSBMYXN0bmFtZSIsIkVtYWlsIjoic29tZW9uZUBtYWlsLmNvbSJ9.bGpZNDg6YHtKlTFw7_yuyn3SAICmfvdIV1yX7mIKrTw
09:51:10.260 [main] DEBUG org.apache.http.headers -- >> Accept: */*
09:51:10.260 [main] DEBUG org.apache.http.headers -- >> Host: altashop-api.fly.dev
09:51:10.260 [main] DEBUG org.apache.http.headers -- >> Connection: Keep-Alive
09:51:10.260 [main] DEBUG org.apache.http.headers -- >> User-Agent: Apache-HttpClient/4.5.13 (Java/20)
09:51:10.260 [main] DEBUG org.apache.http.headers -- >> Accept-Encoding: gzip,deflate
09:51:10.316 [main] DEBUG org.apache.http.wire --  << "HTTP/1.1 200 OK[\r][\n]"
09:51:10.317 [main] DEBUG org.apache.http.wire --  << "content-type: application/json[\r][\n]"
09:51:10.317 [main] DEBUG org.apache.http.wire --  << "date: Mon, 08 May 2023 02:51:10 GMT[\r][\n]"
09:51:10.317 [main] DEBUG org.apache.http.wire --  << "transfer-encoding: chunked[\r][\n]"
09:51:10.317 [main] DEBUG org.apache.http.wire --  << "content-encoding: gzip[\r][\n]"
09:51:10.317 [main] DEBUG org.apache.http.wire --  << "server: Fly/3f2597ca (2023-05-03)[\r][\n]"
09:51:10.317 [main] DEBUG org.apache.http.wire --  << "via: 1.1 fly.io[\r][\n]"
09:51:10.317 [main] DEBUG org.apache.http.wire --  << "fly-request-id: 01GZWMA8DHEAFFW8HBBBBNQQDT-sin[\r][\n]"
09:51:10.317 [main] DEBUG org.apache.http.wire --  << "[\r][\n]"
09:51:10.317 [main] DEBUG org.apache.http.impl.conn.DefaultClientConnection -- Receiving response: HTTP/1.1 200 OK
09:51:10.317 [main] DEBUG org.apache.http.headers -- << HTTP/1.1 200 OK
09:51:10.317 [main] DEBUG org.apache.http.headers -- << content-type: application/json
09:51:10.317 [main] DEBUG org.apache.http.headers -- << date: Mon, 08 May 2023 02:51:10 GMT
09:51:10.317 [main] DEBUG org.apache.http.headers -- << transfer-encoding: chunked
09:51:10.317 [main] DEBUG org.apache.http.headers -- << content-encoding: gzip
09:51:10.317 [main] DEBUG org.apache.http.headers -- << server: Fly/3f2597ca (2023-05-03)
09:51:10.317 [main] DEBUG org.apache.http.headers -- << via: 1.1 fly.io
09:51:10.317 [main] DEBUG org.apache.http.headers -- << fly-request-id: 01GZWMA8DHEAFFW8HBBBBNQQDT-sin
09:51:10.317 [main] DEBUG org.apache.http.impl.client.DefaultHttpClient -- Connection can be kept alive indefinitely
09:51:10.317 [main] DEBUG io.restassured.internal.RestAssuredHttpBuilder -- Parsing response as: application/json
09:51:10.318 [main] DEBUG org.apache.http.wire --  << "153[\r][\n]"
09:51:10.318 [main] DEBUG org.apache.http.wire --  << "[0x1f][0x8b][0x8][0x0][0x0][0x0][0x0][0x0][0x4][0xff][0xaa]VJI,IT[0xb2][0x8a][0xae]V[0xf2]tQ[0xb2]24056[0xd6]Qr[0xce][0xcf]+I[0xcd]+Q[0xb2]Rr[0xcc][0xc9]L,V[0xc8]LQH[0xc9],.[0xc9][0xcc]K.[0xc9][0xcc]W(N-,[0xcd]T(K-[0xca],I,[0xc9],[0xd6]S[0xd2]Q[\n]"
09:51:10.318 [main] DEBUG org.apache.http.wire --  << "-N-R[0xb2][0xca]+[0xcd][0xc9][0xd1]Q[\n]"
09:51:10.318 [main] DEBUG org.apache.http.wire --  << "([0xca]O)M.[0x81]q[0x9d][0xf3]ss[0xc1]f[0x81]dku[0x10][0xf6][0x98] [0xdb][0xe3][0x9c][0x9f][0x7]26[0xb1][0xa4][0xb4]H!'[0xb1]4%1[0xaf]$[0xb3]4W!7?'[0xb5][0xb8]$31U!1E![0xb5][0x84]\[0xab]L[0x91][0xad]*[0xc9]HUHO[0xcc]M-VH,JUH/JM,Q[0xc8][0xcc]K[0xce])M[0xc9][0xcc]KWp/J[0xcc]S[0x8])-[0xca],[0xce][0xcd]W0WH*-Q(NL[0xc9][0xa9]Tp[0xf]1Q[0xc8],V[0xc8]-M[0xce]PHJ-)I-"[0xd3][0xdf][0xe6][0x83][0xc9]1[0x16][0x83][0xc8]1&[0x6][0x83][0xc9]1[0x86][0x83][0xc9]1F[0xc8][0x8e][0xc9]T/)Vp+[0xca]LI[0xac]$/[0x9][0x9a][0xa0]d[0xf1][0x1][0xce][0xf]&[0x83])s[0x9a][0xa1][0x14]J[0x14][0x7][0xb4][0xd9]`[0xf2][0x9b][0xf9]`[0xca]^[0xe6][0x83])[0x9][0x9a][0xf][0xa6]h[0xb2][0xb0]D[0xce][0xeb][0x3][0x9c]9-[0x7]Q)hf0[0x88][0x12][0xb0][0x99][0xc1] [0x8a]&3c[0x94][0xfa][0x81][0xf6]i[0x6][0x0][0x0][0x0][0xff][0xff]"
09:51:10.318 [main] DEBUG org.apache.http.wire --  << "[\r][\n]"
09:51:10.318 [main] DEBUG org.apache.http.wire --  << "2F8[\r][\n]"
09:51:10.318 [main] DEBUG org.apache.http.wire --  << "[0x2][0xb7][0xf3]p4[0xec][0xcc][0xcc][0x6]S4[0x99][\r][0xa6][0x4]l<[0x88][0xca][0x19]3S[0x14][0xc7]PZ[0xd5][0x99][0x99][0x9a]![0x17][[0x94][0x1b][0x87][0xd2]Jv-QH-QH[0xad]HN-()-[0xca]T(,ML-J,Q[0xc8][0xcb][0xcc][0xc8][0xcc]Q[0xc8]O[0xc9],[0x81][0xb][0x81]z[0x11][0x99][0xe4][0xf5][0x13][0xcc]L[0x7]Qk[0xd8][0xcc]t0[0x15]0[0xa8][0xf5][0x80][0x9e][0x9e][0x9e]B[0xa2]Bnf^[0x8a]B^jjJ[0xb1]BR~~v[0xb1]Bb[0xb1]B[0xa2]Bqy~[0x11]L8Q[0xa1]<#[0xb5][0xa4][0xb8]$?/UG!3M![0xb3][0x4][0xd4][0x83]*[0xc9]W[0xc8]NM-P[0xc8],)VHMIO%3[0xb2],Q[0xca][0xbc][0xf0][0xcc][0xbc][0x92][0xd4]"[0x90][0xf1][0xc9][0xf9][0xb9][0x99]y[0xe9][0xe4][0x1a]J[0xdd]Tl[0x89][0x92][0x8a][0x1d][0xf3]R[0x14][0x8a][0xf3][0x15]2R[0x15][0x8a][0xb][0xf2][0xb3]Su[0x14][0x12][0xd1][0x5]J2[0x12]K[0x14]|@[0x1][0x98][0x9f][0xa6][0xe0][0x9c]X\[0x92][0x98][0x9b]Z[0x94][0xaa][0x3][0xee][0x85][0xe6][0xe5][0x97]+[0x80]J[0xf6][0xa2][0xc4][0xcc][0xbc]b[0x85]rP[0x8][0xe6][0xab][0xa7][0x16])dd[0x16]+d$[0xe6][0xe4][0xe8]([0x94]g[0x96]d([0xe4][0xe5]+[0xe4][0xe7][0xa5][0x82]T[0x16][0xa5]*[0x94][0x80]lK,[0xd2]S[0x88]L-[0xd6]Q l[0x2][0xc8]Ay[0xf9]%[0xa0]h[0xcc]/[0xcd][0x81]k'[0xab][0x97]af[0x89][0x92][0x80][0xa9][0x13]A[0xe6][0xa8]m[0x0]P[0x88]z*d$[0x96][0xa5]*$*[0x94][0xa4][0xe6][0xa5][0xa4][0x16][0x81][0xc2][0x16][0xd4][0x9f]W[0xc8][0xad]T[0xc8]HM,*QH[0xcb]/RH.[0xca],([0xc8][0x1]u[0xf9][0xf3]R[0x14][0x92]@[0x1][[0x94]R[0xc][0xe][0xff][0xa4][0xa2][0xfc][0xec][0xd4]<[0x85][0x92][0x8c][0xcc][0xbc]t2[0x87]2[0xcc][\r]P*[0x99][0x90][0x8c]T[0x5][0xbf][0xfc][0xa2][0x92][0xc][0x85][0xa2][0xd4][0xdc][0xd4][0xdc][0xa4][0xd4]"r[0xcd]5D)[0xa2]A[0x91]?p[0xe3][0x16][0xe6][0x86]([0xd1]9[0xc0][0x8e]1A[0xc9][0xfc][0x3][0xed][0x18][0x94]N[0xe3]@;[0x6][0xa5][0x4][0x1b]h[0xc7][0xc][0xa2][\n]"
09:51:10.318 [main] DEBUG org.apache.http.wire --  << "[0xd5][0xdc]t[0x10][0xb5]K[0xcd]M[0x7]S[0x2]6[0x1d]D[0x9d]qs[0xd3][0xc1][0x94][0x9b]P[0x1b][0xc9][0x3][0x9c][0x9b]P[0x9b][0xd8][0x3][0xed][0x18][0x94][0xa6][0xcd]@;f0[0xd5]M[0x83][0xa9][0xff]kn6[0x98][0xca][0x19][0xb3][0xc1]T[0xce][0xa0][0xe][0xf5][0xe]p[0x2]6[0x1b]L[0xb5][0xb6][0xd9]`[0xaa][0xb5][0x7][0xd3][0xa8][0xb5]9[0xea][0xa8][0xb5]Obiz[0x6][0xb4][0xd7]Y[0x90][0x9f]Y[0x9c][0x9f][0x7][0xea]1[0xa5][0xa5]&[0x16][0x91][0xd7][0xfb]4[0x1f]L[0xe3][0xd0][0xe6][0xe6](I211[0x91][0xac]^[0xa0][0xb9][0xf9]`[0xaa]',P[0x9a][0x80][0xc1]%[0xa5][0x5][0xa9]i[0xe4][0xcd][0xa1][0x99][[0xa0][0xf5][0xf9]JA[0x9d][0xcf][0xa4][0xcc][0xa2][0x14][0xf2][0x82][0xc9][0x2][0xa5][0x9c][0xe]J,K[0xcd]K[0xce]I,'[0xd3]0[0x94]r[0xd6][0xbd][0xa8]2--3/%[0x9f][0xbc][0x9]ks[0x8b][0xc1][0xd4] [0xb3]@I[0x95][0x3]\j[[0xc][0xa6][0x82][0xd2][0x12]%m[0xf]p[0xc8][0xa0][0x8e][0x17][0xe][0xb4]c[0x6]Q[0xeb][0xd0][0xc2][0x0]%[0xa3][0xf]l[0xc8]X[0x18][0xc][0xa2][0xac]ma0[0x88]F[0xbb],[0xc][0x6]Q[0xb5]ea8[0x88][0xb2][0xb6][0x85]!J[0xc5]7[0xc0][0x9][0xd8]p0[0xe5]&[0xc3][0xc1][0x94][0x9b][0x6][0xd3][0xd8][0xb1][0x85][0xe1][0xa0][0xca]M[0x83][0xa9]:0[0x1a]L[0xb9][0xc9][0x8]%[0x9a][0x2]J[0xb3][0xcb]KS[0xd2]3S1[0x1b][0xa1][0x0][0x0][0x0][0x0][0xff][0xff]"
09:51:10.318 [main] DEBUG org.apache.http.wire --  << "[\r][\n]"
09:51:10.318 [main] DEBUG org.apache.http.wire --  << "274[\r][\n]"
09:51:10.318 [main] DEBUG org.apache.http.wire --  << ""b}[0xa7][0x85][0xd1] j[0x1c]Y[0x18][0xf][0xa6][0x12]t0[0xad][0xd6][0xb0]0[0x1e]L[0x85][0x96][0xf1] j[0xdd][[0x18][0xf][0xa6][0x4]<[0x98][0xd6][0xc6]Z[0xc][0xa6][0xd9]7[0xb][0x93][0xc1][0x94][0x80]M[0x6]S[0x2]6[0x19]L[0x9]x0[0xcd][0xbe]Y[0xc][0xa6][0xd9]7[0x8b][0xc1]4[0xe1]e1[0x98][0xe6][0x98],[0x6][0xd3]z,[0x8b][0xc1][0xb4][0x1e][0xcb]b0[0xcd][0xa4]X[0x98][0xa1]4[0x1b][0x7][0xb8]Gh6[0x98]Z[0xf7][0xe6][0x83][0xa9]u[0x8f]:y1[0xc0][0xd1]d>[0x98]j[0xed][0xc1]4[0xef]b1[0x98]&L,[0xcc][0x7]SnB[0x9d]r[0x19][0xe0][0x4]l[0x81]2[0xc7]2[0xd0][0x8e][0x19]LC[0xa7][0x16][0x83][0xa9]:[0x18]L[0xbb]i,[0x6][0xd3][0xac][0x88][0x5][0xea][0xfa]i[0xff][0xe4][0xe4][0xc4][0xd4][0xe4][0xc4][0x92]L[0x85][0xd4][0xc4]"[0x94][0x8d][0xb7][0x85][0xa5][0x99][0x89][\n]"
09:51:10.318 [main] DEBUG org.apache.http.wire --  << "e[0xf9]9[0xa5][0x5]%[0x89][0xc5][\n]"
09:51:10.319 [main] DEBUG org.apache.http.wire --  << "`[0x1e]h[0xfb]o^jn>y[0xd3][0xdc][0x16][0x96][0x83][0xa9][0xec][0xb7][0x1c]L[0x9d]$[0xd4]%[0xd3][0x3][[0xa8]X[0xa2].[0xb5][0x1e]h[0xc7][0xc][0xa2][0x96][0x94][0xa5][0xc1] *[0xfb]-[\r][0x6]Q[0x2][0xb6][0x1c]L3U[0x96][0x83]i[0xc5][0xba][0xa5][0xd1] [0x1a][0x81][0xb6][0x1c]L[0xb3][0xe][0x96]F[0x83]h[0xe][0xcf][0xd2]h0em[0xa3]ATQZ[0x1a][\r][0xa2]6[0xa6][0xa5][0xd1] [0x1a]g[0xb5]D[0x9d]6[0x1b][0xe0][0x8a]r0M[0xbb]Y[0x1a][0xf][0xa6]Z{0M[0xbb]Y[0xe][0xa6][0xad][0xc0][0x96][0xc6][0x83][0xa8][0xc7]f9[0x98][0xa6][0xdd],[0x7][0xd3]I)[0x96][0x83]i[0xa6][0xcb]r0[0x1d][0xdb]b9[0x98][0xa6][0xdd],M[0x6]Sn[0x1a]Ls[0x80][0x96]&[0x83]h4[0xd1]r0MHZ[0x9a][0xe][0xa6][0x8a]r0[0xcd][0x8e]Z[0xe][0xa6][0xbd][0x89][0x96][0x83]i[0xaa][0xd6]r0[0xed]M[0xb4][0x1c]L[0xf3][0xc6][0x96][0xa6][0x83][0xa9][0x4][0x1e]L[0x93][0xd8][0x96][0x83]i[0x12][0xdb]r0m[0x94][0xb4]D[0xdd][0x81][0x17][0x9e][0x98][PZL[0xd6][0xc2]G[0xcb][0xc1]4[0x1d]n[0x89][0xba][0x97]/8[0xa7][0xb2]$#[0xb5](3[0x8f]L[0x9f]Q[0xab][0xfe]N,.[0x5][0x1d][0xd5]B[0xe9]Y[0x9a][0x96][0x83]is[0xa0]%[0xea][0xe6][0xb2][0x1][0x1e][0x6]@[0x9d][0xf7][0xa2]([0xde][\r][\r][0xc][0x6][0xcf]h[0x8b][0xa1][0xc1] [0xda]`h0[0x88][0xf6][0x1f][0x18][0x1a][0xc][0xa2][0xfd][0x7][0x86][0x6][0x86][0x83])[0xcd][0xa0][0xe][0x17]R[0xb4][0xbb][0xd2][0xd0]`[0x10]m[\r]240[0x1c]<[0xe3][0xd5][0x86][0x6][0x83]h[0xec][0xd1][0xd0][0xc0][0x8][0xa5][0xb2][0xca]I-([0xc9]/P[0xc8]--J[0xcc] [0xa7][0xf2]34[0x18]D[0x8b][0x9e][\r][\r][0x6][0xd1][0xb8][0x94][0xa1][0xc1] [0x1a][0x97]24[0x18]D[0xe3]R[0x86][0x6][0x83]h\[0xca][0xd0]`[0x10][0x8d]K[0x19][0x1a][0xc][0xa2]q)C[0x83]A4.eh0[0x88][0xc6][0xa5][0xc][\r][0x6][0xd1][0xb8][0x94][0xa1][0xc1] [0x1a][0x97]24[0x18]D[0xa3]/[0x86][0x6][0x83]`[0x8c]![0xb6][0x96][0xb][0x0][0x0][0x0][0xff][0xff]"
09:51:10.319 [main] DEBUG org.apache.http.wire --  << "[\r][\n]"
09:51:10.319 [main] DEBUG org.apache.http.wire --  << "A[\r][\n]"
09:51:10.319 [main] DEBUG org.apache.http.wire --  << "[0x3][0x0][0xeb][0xee][0xb0][0x96]Lb[0x0][0x0]"
09:51:10.319 [main] DEBUG org.apache.http.wire --  << "[\r][\n]"
09:51:10.319 [main] DEBUG org.apache.http.wire --  << "0[\r][\n]"
09:51:10.319 [main] DEBUG org.apache.http.wire --  << "[\r][\n]"
09:51:10.320 [main] DEBUG io.restassured.internal.RestAssuredHttpBuilder -- Parsed data to instance of: class org.apache.http.conn.EofSensorInputStream
09:51:10.322 [main] DEBUG org.apache.http.impl.conn.BasicClientConnectionManager -- Releasing connection org.apache.http.impl.conn.ManagedClientConnectionImpl@55821edf
09:51:10.322 [main] DEBUG org.apache.http.impl.conn.BasicClientConnectionManager -- Connection can be kept alive indefinitely
09:51:10.334 [main] DEBUG net.thucydides.core.steps.StepInterceptor -- STEP DONE: requestComment
  &amp#27;[32mWhen &amp#27;[0m&amp#27;[32mI send HTTP request for product comment&amp#27;[0m &amp#27;[90m# starter.stepdefinitions.UserSteps.userSendRequestForProductComments()&amp#27;[0m
  &amp#27;[32mThen &amp#27;[0m&amp#27;[32mI get status code 200&amp#27;[0m                   &amp#27;[90m# starter.stepdefinitions.UserSteps.get200ProductPost()&amp#27;[0m
09:51:10.340 [main] DEBUG net.thucydides.core.steps.StepInterceptor -- STARTING STEP: UserSteps.userReceiveValidDataForProductComments - receiveDataComment
09:51:10.353 [main] DEBUG net.thucydides.core.steps.StepInterceptor -- STEP DONE: receiveDataComment
  &amp#27;[32mAnd &amp#27;[0m&amp#27;[32mI receive valid data for product comment&amp#27;[0m &amp#27;[90m# starter.stepdefinitions.UserSteps.userReceiveValidDataForProductComments()&amp#27;[0m
09:51:10.354 [main] INFO  -- 
  _____   ___   ___   _____     ___     _     ___   ___   ___   ___  
 |_   _| | __| / __| |_   _|   | _ \   /_\   / __| / __| | __| |   \ 
   | |   | _|  \__ \   | |     |  _/  / _ \  \__ \ \__ \ | _|  | |) |
   |_|   |___| |___/   |_|     |_|   /_/ \_\ |___/ |___/ |___| |___/ 

GET  want to see product comments
----------------------------------------------------------------------
]]></system-out>
  </testcase>
</testsuite>